0 verbose cli C:\Program Files\nodejs\node.exe C:\Program Files\nodejs\node_modules\npm\bin\npm-cli.js
1 info using npm@10.8.1
2 info using node@v22.3.0
3 silly config load:file:C:\Program Files\nodejs\node_modules\npm\npmrc
4 silly config load:file:E:\Saad Rehman-GitHub\Cyberian-Electronics\.npmrc
5 silly config load:file:C:\Users\saadr\.npmrc
6 silly config load:file:C:\Users\saadr\AppData\Roaming\npm\etc\npmrc
7 verbose title npm install @radix-ui/react-slot @radix-ui/react-label @radix-ui/react-select
8 verbose argv "install" "@radix-ui/react-slot" "@radix-ui/react-label" "@radix-ui/react-select"
9 verbose logfile logs-max:10 dir:E:\Saad Rehman-GitHub\Cyberian-Electronics\%APPDATA%\npm-cache\_logs\2024-11-10T16_33_16_772Z-
10 verbose logfile E:\Saad Rehman-GitHub\Cyberian-Electronics\%APPDATA%\npm-cache\_logs\2024-11-10T16_33_16_772Z-debug-0.log
11 silly packumentCache heap:4345298944 maxSize:1086324736 maxEntrySize:543162368
12 silly logfile start cleaning logs, removing 1 files
13 silly logfile done cleaning log files
14 silly idealTree buildDeps
15 silly fetch manifest @radix-ui/react-label@^2.1.0
16 silly packumentCache full:https://registry.npmjs.org/@radix-ui%2freact-label cache-miss
17 http fetch GET 200 https://registry.npmjs.org/@radix-ui%2freact-label 2184ms (cache revalidated)
18 silly packumentCache full:https://registry.npmjs.org/@radix-ui%2freact-label set size:452916 disposed:false
19 silly fetch manifest @types/react@^18
20 silly packumentCache full:https://registry.npmjs.org/@types%2freact cache-miss
21 http fetch GET 200 https://registry.npmjs.org/@types%2freact 168ms (cache revalidated)
22 silly packumentCache full:https://registry.npmjs.org/@types%2freact set size:2224149 disposed:false
23 silly fetch manifest @types/react-dom@^18
24 silly packumentCache full:https://registry.npmjs.org/@types%2freact-dom cache-miss
25 http fetch GET 200 https://registry.npmjs.org/@types%2freact-dom 141ms (cache revalidated)
26 silly packumentCache full:https://registry.npmjs.org/@types%2freact-dom set size:350529 disposed:false
27 silly fetch manifest react@^18
28 silly packumentCache full:https://registry.npmjs.org/react cache-miss
29 http fetch GET 200 https://registry.npmjs.org/react 149ms (cache revalidated)
30 silly packumentCache full:https://registry.npmjs.org/react set size:5136780 disposed:false
31 silly fetch manifest react-dom@^18
32 silly packumentCache full:https://registry.npmjs.org/react-dom cache-miss
33 http fetch GET 200 https://registry.npmjs.org/react-dom 145ms (cache revalidated)
34 silly packumentCache full:https://registry.npmjs.org/react-dom set size:6281974 disposed:false
35 silly fetch manifest @radix-ui/react-slot@^1.1.0
36 silly packumentCache full:https://registry.npmjs.org/@radix-ui%2freact-slot cache-miss
37 http fetch GET 200 https://registry.npmjs.org/@radix-ui%2freact-slot 172ms (cache revalidated)
38 silly packumentCache full:https://registry.npmjs.org/@radix-ui%2freact-slot set size:272432 disposed:false
39 silly fetch manifest @radix-ui/react-select@*
40 silly packumentCache full:https://registry.npmjs.org/@radix-ui%2freact-select cache-miss
41 http fetch GET 200 https://registry.npmjs.org/@radix-ui%2freact-select 190ms (cache miss)
42 silly packumentCache full:https://registry.npmjs.org/@radix-ui%2freact-select set size:undefined disposed:false
43 silly placeDep ROOT @radix-ui/react-label@2.1.0 REPLACE for: cyberian-electronics@0.1.0 want: ^2.1.0
44 silly placeDep ROOT @radix-ui/react-select@2.1.2 OK for: cyberian-electronics@0.1.0 want: *
45 silly placeDep ROOT @radix-ui/react-slot@1.1.0 REPLACE for: cyberian-electronics@0.1.0 want: ^1.1.0
46 silly fetch manifest @radix-ui/number@1.1.0
47 silly packumentCache full:https://registry.npmjs.org/@radix-ui%2fnumber cache-miss
48 silly fetch manifest @radix-ui/react-dismissable-layer@1.1.1
49 silly packumentCache full:https://registry.npmjs.org/@radix-ui%2freact-dismissable-layer cache-miss
50 silly fetch manifest @radix-ui/react-focus-guards@1.1.1
51 silly packumentCache full:https://registry.npmjs.org/@radix-ui%2freact-focus-guards cache-miss
52 silly fetch manifest @radix-ui/react-focus-scope@1.1.0
53 silly packumentCache full:https://registry.npmjs.org/@radix-ui%2freact-focus-scope cache-miss
54 silly fetch manifest @radix-ui/react-popper@1.2.0
55 silly packumentCache full:https://registry.npmjs.org/@radix-ui%2freact-popper cache-miss
56 silly fetch manifest @radix-ui/react-portal@1.1.2
57 silly packumentCache full:https://registry.npmjs.org/@radix-ui%2freact-portal cache-miss
58 silly fetch manifest @radix-ui/react-use-previous@1.1.0
59 silly packumentCache full:https://registry.npmjs.org/@radix-ui%2freact-use-previous cache-miss
60 http fetch GET 200 https://registry.npmjs.org/@radix-ui%2fnumber 181ms (cache miss)
61 silly packumentCache full:https://registry.npmjs.org/@radix-ui%2fnumber set size:undefined disposed:false
62 silly fetch manifest @radix-ui/react-visually-hidden@1.1.0
63 silly packumentCache full:https://registry.npmjs.org/@radix-ui%2freact-visually-hidden cache-miss
64 http fetch GET 200 https://registry.npmjs.org/@radix-ui%2freact-visually-hidden 181ms (cache miss)
65 silly packumentCache full:https://registry.npmjs.org/@radix-ui%2freact-visually-hidden set size:undefined disposed:false
66 silly fetch manifest aria-hidden@^1.1.1
67 silly packumentCache full:https://registry.npmjs.org/aria-hidden cache-miss
68 http fetch GET 200 https://registry.npmjs.org/@radix-ui%2freact-focus-guards 496ms (cache miss)
69 silly packumentCache full:https://registry.npmjs.org/@radix-ui%2freact-focus-guards set size:undefined disposed:false
70 silly fetch manifest react-remove-scroll@2.6.0
71 silly packumentCache full:https://registry.npmjs.org/react-remove-scroll cache-miss
72 http fetch GET 200 https://registry.npmjs.org/aria-hidden 145ms (cache miss)
73 silly packumentCache full:https://registry.npmjs.org/aria-hidden set size:undefined disposed:false
74 http fetch GET 200 https://registry.npmjs.org/@radix-ui%2freact-dismissable-layer 571ms (cache miss)
75 silly packumentCache full:https://registry.npmjs.org/@radix-ui%2freact-dismissable-layer set size:undefined disposed:false
76 http fetch GET 200 https://registry.npmjs.org/@radix-ui%2freact-portal 595ms (cache miss)
77 silly packumentCache full:https://registry.npmjs.org/@radix-ui%2freact-portal set size:undefined disposed:false
78 http fetch GET 200 https://registry.npmjs.org/react-remove-scroll 149ms (cache miss)
79 silly packumentCache full:https://registry.npmjs.org/react-remove-scroll set size:undefined disposed:false
80 http fetch GET 200 https://registry.npmjs.org/@radix-ui%2freact-focus-scope 725ms (cache miss)
81 silly packumentCache full:https://registry.npmjs.org/@radix-ui%2freact-focus-scope set size:undefined disposed:false
82 http fetch GET 200 https://registry.npmjs.org/@radix-ui%2freact-popper 933ms (cache miss)
83 silly packumentCache full:https://registry.npmjs.org/@radix-ui%2freact-popper set size:undefined disposed:false
84 http fetch GET 200 https://registry.npmjs.org/@radix-ui%2freact-use-previous 1169ms (cache miss)
85 silly packumentCache full:https://registry.npmjs.org/@radix-ui%2freact-use-previous set size:undefined disposed:false
86 silly fetch manifest @types/react@*
87 silly packumentCache full:https://registry.npmjs.org/@types%2freact cache-miss
88 http fetch GET 200 https://registry.npmjs.org/@types%2freact 16ms (cache hit)
89 silly packumentCache full:https://registry.npmjs.org/@types%2freact set size:2224149 disposed:false
90 silly fetch manifest @types/react-dom@*
91 silly packumentCache full:https://registry.npmjs.org/@types%2freact-dom cache-hit
92 silly fetch manifest react@^16.8 || ^17.0 || ^18.0 || ^19.0 || ^19.0.0-rc
93 silly packumentCache full:https://registry.npmjs.org/react cache-miss
94 http fetch GET 200 https://registry.npmjs.org/react 25ms (cache hit)
95 silly packumentCache full:https://registry.npmjs.org/react set size:5136780 disposed:false
96 silly fetch manifest react-dom@^16.8 || ^17.0 || ^18.0 || ^19.0 || ^19.0.0-rc
97 silly packumentCache full:https://registry.npmjs.org/react-dom cache-miss
98 http fetch GET 200 https://registry.npmjs.org/react-dom 21ms (cache hit)
99 silly packumentCache full:https://registry.npmjs.org/react-dom set size:6281974 disposed:false
100 silly placeDep ROOT @radix-ui/number@1.1.0 OK for: @radix-ui/react-select@2.1.2 want: 1.1.0
101 silly placeDep ROOT @radix-ui/react-dismissable-layer@1.1.1 OK for: @radix-ui/react-select@2.1.2 want: 1.1.1
102 silly placeDep ROOT @radix-ui/react-focus-guards@1.1.1 OK for: @radix-ui/react-select@2.1.2 want: 1.1.1
103 silly placeDep ROOT @radix-ui/react-focus-scope@1.1.0 OK for: @radix-ui/react-select@2.1.2 want: 1.1.0
104 silly placeDep ROOT @radix-ui/react-popper@1.2.0 OK for: @radix-ui/react-select@2.1.2 want: 1.2.0
105 silly placeDep ROOT @radix-ui/react-portal@1.1.2 OK for: @radix-ui/react-select@2.1.2 want: 1.1.2
106 silly placeDep ROOT @radix-ui/react-use-previous@1.1.0 OK for: @radix-ui/react-select@2.1.2 want: 1.1.0
107 silly placeDep ROOT @radix-ui/react-visually-hidden@1.1.0 OK for: @radix-ui/react-select@2.1.2 want: 1.1.0
108 silly placeDep ROOT aria-hidden@1.2.4 OK for: @radix-ui/react-select@2.1.2 want: ^1.1.1
109 silly placeDep ROOT react-remove-scroll@2.6.0 OK for: @radix-ui/react-select@2.1.2 want: 2.6.0
110 silly fetch manifest @radix-ui/react-use-escape-keydown@1.1.0
111 silly packumentCache full:https://registry.npmjs.org/@radix-ui%2freact-use-escape-keydown cache-miss
112 silly fetch manifest @radix-ui/rect@1.1.0
113 silly packumentCache full:https://registry.npmjs.org/@radix-ui%2frect cache-miss
114 silly fetch manifest @radix-ui/react-arrow@1.1.0
115 silly packumentCache full:https://registry.npmjs.org/@radix-ui%2freact-arrow cache-miss
116 silly fetch manifest @radix-ui/react-context@1.1.0
117 silly packumentCache full:https://registry.npmjs.org/@radix-ui%2freact-context cache-miss
118 silly fetch manifest @radix-ui/react-use-rect@1.1.0
119 silly packumentCache full:https://registry.npmjs.org/@radix-ui%2freact-use-rect cache-miss
120 silly fetch manifest @radix-ui/react-use-size@1.1.0
121 silly packumentCache full:https://registry.npmjs.org/@radix-ui%2freact-use-size cache-miss
122 silly fetch manifest react-remove-scroll-bar@^2.3.6
123 silly packumentCache full:https://registry.npmjs.org/react-remove-scroll-bar cache-miss
124 http fetch GET 200 https://registry.npmjs.org/@radix-ui%2freact-context 178ms (cache revalidated)
125 silly packumentCache full:https://registry.npmjs.org/@radix-ui%2freact-context set size:208057 disposed:false
126 silly fetch manifest react-style-singleton@^2.2.1
127 silly packumentCache full:https://registry.npmjs.org/react-style-singleton cache-miss
128 http fetch GET 200 https://registry.npmjs.org/@radix-ui%2freact-use-escape-keydown 190ms (cache miss)
129 silly packumentCache full:https://registry.npmjs.org/@radix-ui%2freact-use-escape-keydown set size:undefined disposed:false
130 silly fetch manifest use-callback-ref@^1.3.0
131 silly packumentCache full:https://registry.npmjs.org/use-callback-ref cache-miss
132 http fetch GET 200 https://registry.npmjs.org/@radix-ui%2freact-use-rect 193ms (cache miss)
133 silly packumentCache full:https://registry.npmjs.org/@radix-ui%2freact-use-rect set size:undefined disposed:false
134 silly fetch manifest use-sidecar@^1.1.2
135 silly packumentCache full:https://registry.npmjs.org/use-sidecar cache-miss
136 http fetch GET 200 https://registry.npmjs.org/react-remove-scroll-bar 200ms (cache miss)
137 silly packumentCache full:https://registry.npmjs.org/react-remove-scroll-bar set size:undefined disposed:false
138 http fetch GET 200 https://registry.npmjs.org/@radix-ui%2frect 213ms (cache miss)
139 silly packumentCache full:https://registry.npmjs.org/@radix-ui%2frect set size:undefined disposed:false
140 http fetch GET 200 https://registry.npmjs.org/use-callback-ref 141ms (cache miss)
141 silly packumentCache full:https://registry.npmjs.org/use-callback-ref set size:undefined disposed:false
142 http fetch GET 200 https://registry.npmjs.org/react-style-singleton 165ms (cache miss)
143 silly packumentCache full:https://registry.npmjs.org/react-style-singleton set size:undefined disposed:false
144 http fetch GET 200 https://registry.npmjs.org/use-sidecar 165ms (cache miss)
145 silly packumentCache full:https://registry.npmjs.org/use-sidecar set size:undefined disposed:false
146 http fetch GET 200 https://registry.npmjs.org/@radix-ui%2freact-arrow 555ms (cache miss)
147 silly packumentCache full:https://registry.npmjs.org/@radix-ui%2freact-arrow set size:undefined disposed:false
148 http fetch GET 200 https://registry.npmjs.org/@radix-ui%2freact-use-size 1515ms (cache miss)
149 silly packumentCache full:https://registry.npmjs.org/@radix-ui%2freact-use-size set size:undefined disposed:false
150 silly placeDep ROOT @radix-ui/react-use-escape-keydown@1.1.0 OK for: @radix-ui/react-dismissable-layer@1.1.1 want: 1.1.0
151 silly placeDep ROOT @radix-ui/react-arrow@1.1.0 OK for: @radix-ui/react-popper@1.2.0 want: 1.1.0
152 silly placeDep node_modules/@radix-ui/react-popper @radix-ui/react-context@1.1.0 OK for: @radix-ui/react-popper@1.2.0 want: 1.1.0
153 silly placeDep ROOT @radix-ui/react-use-rect@1.1.0 OK for: @radix-ui/react-popper@1.2.0 want: 1.1.0
154 silly placeDep ROOT @radix-ui/react-use-size@1.1.0 OK for: @radix-ui/react-popper@1.2.0 want: 1.1.0
155 silly placeDep ROOT @radix-ui/rect@1.1.0 OK for: @radix-ui/react-popper@1.2.0 want: 1.1.0
156 silly fetch manifest @types/react@^16.8.0 || ^17.0.0 || ^18.0.0
157 silly packumentCache full:https://registry.npmjs.org/@types%2freact cache-miss
158 http fetch GET 200 https://registry.npmjs.org/@types%2freact 14ms (cache hit)
159 silly packumentCache full:https://registry.npmjs.org/@types%2freact set size:2224149 disposed:false
160 silly fetch manifest react@^16.8.0 || ^17.0.0 || ^18.0.0
161 silly packumentCache full:https://registry.npmjs.org/react cache-miss
162 http fetch GET 200 https://registry.npmjs.org/react 24ms (cache hit)
163 silly packumentCache full:https://registry.npmjs.org/react set size:5136780 disposed:false
164 silly placeDep ROOT react-remove-scroll-bar@2.3.6 OK for: react-remove-scroll@2.6.0 want: ^2.3.6
165 silly placeDep ROOT react-style-singleton@2.2.1 OK for: react-remove-scroll@2.6.0 want: ^2.2.1
166 silly placeDep ROOT use-callback-ref@1.3.2 OK for: react-remove-scroll@2.6.0 want: ^1.3.0
167 silly placeDep ROOT use-sidecar@1.1.2 OK for: react-remove-scroll@2.6.0 want: ^1.1.2
168 silly fetch manifest get-nonce@^1.0.0
169 silly packumentCache full:https://registry.npmjs.org/get-nonce cache-miss
170 silly fetch manifest invariant@^2.2.4
171 silly packumentCache full:https://registry.npmjs.org/invariant cache-miss
172 silly fetch manifest detect-node-es@^1.1.0
173 silly packumentCache full:https://registry.npmjs.org/detect-node-es cache-miss
174 http fetch GET 200 https://registry.npmjs.org/detect-node-es 134ms (cache miss)
175 silly packumentCache full:https://registry.npmjs.org/detect-node-es set size:undefined disposed:false
176 http fetch GET 200 https://registry.npmjs.org/get-nonce 234ms (cache miss)
177 silly packumentCache full:https://registry.npmjs.org/get-nonce set size:undefined disposed:false
178 http fetch GET 200 https://registry.npmjs.org/invariant 819ms (cache miss)
179 silly packumentCache full:https://registry.npmjs.org/invariant set size:undefined disposed:false
180 silly placeDep ROOT get-nonce@1.0.1 OK for: react-style-singleton@2.2.1 want: ^1.0.0
181 silly placeDep ROOT invariant@2.2.4 OK for: react-style-singleton@2.2.1 want: ^2.2.4
182 silly placeDep ROOT detect-node-es@1.1.0 OK for: use-sidecar@1.1.2 want: ^1.1.0
183 silly reify moves {}
184 silly audit bulk request {
184 silly audit   '@alloc/quick-lru': [ '5.2.0' ],
184 silly audit   '@eslint-community/eslint-utils': [ '4.4.0' ],
184 silly audit   '@eslint-community/regexpp': [ '4.11.1' ],
184 silly audit   '@eslint/eslintrc': [ '2.1.4' ],
184 silly audit   '@eslint/js': [ '8.57.1' ],
184 silly audit   '@floating-ui/core': [ '1.6.8' ],
184 silly audit   '@floating-ui/dom': [ '1.6.11' ],
184 silly audit   '@floating-ui/react': [ '0.26.25' ],
184 silly audit   '@floating-ui/react-dom': [ '2.1.2' ],
184 silly audit   '@floating-ui/utils': [ '0.2.8' ],
184 silly audit   '@headlessui/react': [ '2.1.10' ],
184 silly audit   '@heroicons/react': [ '2.1.5' ],
184 silly audit   '@humanwhocodes/config-array': [ '0.13.0' ],
184 silly audit   '@humanwhocodes/module-importer': [ '1.0.1' ],
184 silly audit   '@humanwhocodes/object-schema': [ '2.0.3' ],
184 silly audit   '@isaacs/cliui': [ '8.0.2' ],
184 silly audit   'ansi-regex': [ '6.1.0', '5.0.1' ],
184 silly audit   'strip-ansi': [ '7.1.0', '6.0.1' ],
184 silly audit   '@jridgewell/gen-mapping': [ '0.3.5' ],
184 silly audit   '@jridgewell/resolve-uri': [ '3.1.2' ],
184 silly audit   '@jridgewell/set-array': [ '1.2.1' ],
184 silly audit   '@jridgewell/sourcemap-codec': [ '1.5.0' ],
184 silly audit   '@jridgewell/trace-mapping': [ '0.3.25' ],
184 silly audit   '@next/env': [ '14.2.15' ],
184 silly audit   '@next/eslint-plugin-next': [ '14.2.15' ],
184 silly audit   '@next/swc-darwin-arm64': [ '14.2.15' ],
184 silly audit   '@next/swc-darwin-x64': [ '14.2.15' ],
184 silly audit   '@next/swc-linux-arm64-gnu': [ '14.2.15' ],
184 silly audit   '@next/swc-linux-arm64-musl': [ '14.2.15' ],
184 silly audit   '@next/swc-linux-x64-gnu': [ '14.2.15' ],
184 silly audit   '@next/swc-linux-x64-musl': [ '14.2.15' ],
184 silly audit   '@next/swc-win32-arm64-msvc': [ '14.2.15' ],
184 silly audit   '@next/swc-win32-ia32-msvc': [ '14.2.15' ],
184 silly audit   '@next/swc-win32-x64-msvc': [ '14.2.15' ],
184 silly audit   '@nodelib/fs.scandir': [ '2.1.5' ],
184 silly audit   '@nodelib/fs.stat': [ '2.0.5' ],
184 silly audit   '@nodelib/fs.walk': [ '1.2.8' ],
184 silly audit   '@nolyfill/is-core-module': [ '1.0.39' ],
184 silly audit   '@pkgjs/parseargs': [ '0.11.0' ],
184 silly audit   '@radix-ui/primitive': [ '1.1.0' ],
184 silly audit   '@radix-ui/react-collection': [ '1.1.0' ],
184 silly audit   '@radix-ui/react-context': [ '1.1.0', '1.1.1' ],
184 silly audit   '@radix-ui/react-compose-refs': [ '1.1.0' ],
184 silly audit   '@radix-ui/react-direction': [ '1.1.0' ],
184 silly audit   '@radix-ui/react-id': [ '1.1.0' ],
184 silly audit   '@radix-ui/react-presence': [ '1.1.1' ],
184 silly audit   '@radix-ui/react-primitive': [ '2.0.0' ],
184 silly audit   '@radix-ui/react-roving-focus': [ '1.1.0' ],
184 silly audit   '@radix-ui/react-tabs': [ '1.1.1' ],
184 silly audit   '@radix-ui/react-use-callback-ref': [ '1.1.0' ],
184 silly audit   '@radix-ui/react-use-controllable-state': [ '1.1.0' ],
184 silly audit   '@radix-ui/react-use-layout-effect': [ '1.1.0' ],
184 silly audit   '@react-aria/focus': [ '3.18.4' ],
184 silly audit   '@react-aria/interactions': [ '3.22.4' ],
184 silly audit   '@react-aria/ssr': [ '3.9.6' ],
184 silly audit   '@react-aria/utils': [ '3.25.3' ],
184 silly audit   '@react-stately/utils': [ '3.10.4' ],
184 silly audit   '@react-types/shared': [ '3.25.0' ],
184 silly audit   '@rtsao/scc': [ '1.1.0' ],
184 silly audit   '@rushstack/eslint-patch': [ '1.10.4' ],
184 silly audit   '@swc/counter': [ '0.1.3' ],
184 silly audit   '@swc/helpers': [ '0.5.5' ],
184 silly audit   '@tanstack/react-virtual': [ '3.10.8' ],
184 silly audit   '@tanstack/virtual-core': [ '3.10.8' ],
184 silly audit   '@types/json5': [ '0.0.29' ],
184 silly audit   '@types/node': [ '20.16.13' ],
184 silly audit   '@types/prop-types': [ '15.7.13' ],
184 silly audit   '@types/react': [ '18.3.11' ],
184 silly audit   '@types/react-dom': [ '18.3.1' ],
184 silly audit   '@typescript-eslint/eslint-plugin': [ '8.10.0' ],
184 silly audit   '@typescript-eslint/parser': [ '8.10.0' ],
184 silly audit   '@typescript-eslint/scope-manager': [ '8.10.0' ],
184 silly audit   '@typescript-eslint/type-utils': [ '8.10.0' ],
184 silly audit   '@typescript-eslint/types': [ '8.10.0' ],
184 silly audit   '@typescript-eslint/typescript-estree': [ '8.10.0' ],
184 silly audit   'brace-expansion': [ '2.0.1', '1.1.11' ],
184 silly audit   minimatch: [ '9.0.5', '3.1.2' ],
184 silly audit   '@typescript-eslint/utils': [ '8.10.0' ],
184 silly audit   '@typescript-eslint/visitor-keys': [ '8.10.0' ],
184 silly audit   '@ungap/structured-clone': [ '1.2.0' ],
184 silly audit   acorn: [ '8.13.0' ],
184 silly audit   'acorn-jsx': [ '5.3.2' ],
184 silly audit   ajv: [ '6.12.6' ],
184 silly audit   'ansi-styles': [ '4.3.0', '6.2.1' ],
184 silly audit   'any-promise': [ '1.3.0' ],
184 silly audit   anymatch: [ '3.1.3' ],
184 silly audit   arg: [ '5.0.2' ],
184 silly audit   argparse: [ '2.0.1' ],
184 silly audit   'aria-query': [ '5.1.3' ],
184 silly audit   'array-buffer-byte-length': [ '1.0.1' ],
184 silly audit   'array-includes': [ '3.1.8' ],
184 silly audit   'array.prototype.findlast': [ '1.2.5' ],
184 silly audit   'array.prototype.findlastindex': [ '1.2.5' ],
184 silly audit   'array.prototype.flat': [ '1.3.2' ],
184 silly audit   'array.prototype.flatmap': [ '1.3.2' ],
184 silly audit   'array.prototype.tosorted': [ '1.1.4' ],
184 silly audit   'arraybuffer.prototype.slice': [ '1.0.3' ],
184 silly audit   'ast-types-flow': [ '0.0.8' ],
184 silly audit   'available-typed-arrays': [ '1.0.7' ],
184 silly audit   'axe-core': [ '4.10.1' ],
184 silly audit   'axobject-query': [ '4.1.0' ],
184 silly audit   'balanced-match': [ '1.0.2' ],
184 silly audit   'binary-extensions': [ '2.3.0' ],
184 silly audit   braces: [ '3.0.3' ],
184 silly audit   busboy: [ '1.6.0' ],
184 silly audit   'call-bind': [ '1.0.7' ],
184 silly audit   callsites: [ '3.1.0' ],
184 silly audit   'camelcase-css': [ '2.0.1' ],
184 silly audit   'caniuse-lite': [ '1.0.30001669' ],
184 silly audit   chalk: [ '4.1.2' ],
184 silly audit   chokidar: [ '3.6.0' ],
184 silly audit   'glob-parent': [ '5.1.2', '6.0.2' ],
184 silly audit   'class-variance-authority': [ '0.7.0' ],
184 silly audit   clsx: [ '2.0.0', '2.1.1' ],
184 silly audit   'client-only': [ '0.0.1' ],
184 silly audit   'color-convert': [ '2.0.1' ],
184 silly audit   'color-name': [ '1.1.4' ],
184 silly audit   commander: [ '4.1.1' ],
184 silly audit   'concat-map': [ '0.0.1' ],
184 silly audit   'cross-spawn': [ '7.0.3' ],
184 silly audit   cssesc: [ '3.0.0' ],
184 silly audit   csstype: [ '3.1.3' ],
184 silly audit   'damerau-levenshtein': [ '1.0.8' ],
184 silly audit   'data-view-buffer': [ '1.0.1' ],
184 silly audit   'data-view-byte-length': [ '1.0.1' ],
184 silly audit   'data-view-byte-offset': [ '1.0.0' ],
184 silly audit   debug: [ '4.3.7', '3.2.7' ],
184 silly audit   'deep-equal': [ '2.2.3' ],
184 silly audit   'deep-is': [ '0.1.4' ],
184 silly audit   'define-data-property': [ '1.1.4' ],
184 silly audit   'define-properties': [ '1.2.1' ],
184 silly audit   didyoumean: [ '1.2.2' ],
184 silly audit   dlv: [ '1.1.3' ],
184 silly audit   doctrine: [ '3.0.0', '2.1.0' ],
184 silly audit   eastasianwidth: [ '0.2.0' ],
184 silly audit   'embla-carousel': [ '8.3.1' ],
184 silly audit   'embla-carousel-react': [ '8.3.1' ],
184 silly audit   'embla-carousel-reactive-utils': [ '8.3.1' ],
184 silly audit   'emoji-regex': [ '9.2.2', '8.0.0' ],
184 silly audit   'enhanced-resolve': [ '5.17.1' ],
184 silly audit   'es-abstract': [ '1.23.3' ],
184 silly audit   'es-define-property': [ '1.0.0' ],
184 silly audit   'es-errors': [ '1.3.0' ],
184 silly audit   'es-get-iterator': [ '1.1.3' ],
184 silly audit   'es-iterator-helpers': [ '1.1.0' ],
184 silly audit   'es-object-atoms': [ '1.0.0' ],
184 silly audit   'es-set-tostringtag': [ '2.0.3' ],
184 silly audit   'es-shim-unscopables': [ '1.0.2' ],
184 silly audit   'es-to-primitive': [ '1.2.1' ],
184 silly audit   'escape-string-regexp': [ '4.0.0' ],
184 silly audit   eslint: [ '8.57.1' ],
184 silly audit   'eslint-config-next': [ '14.2.15' ],
184 silly audit   'eslint-import-resolver-node': [ '0.3.9' ],
184 silly audit   'eslint-import-resolver-typescript': [ '3.6.3' ],
184 silly audit   'eslint-module-utils': [ '2.12.0' ],
184 silly audit   'eslint-plugin-import': [ '2.31.0' ],
184 silly audit   semver: [ '6.3.1', '7.6.3' ],
184 silly audit   'eslint-plugin-jsx-a11y': [ '6.10.0' ],
184 silly audit   'eslint-plugin-react': [ '7.37.1' ],
184 silly audit   'eslint-plugin-react-hooks': [ '5.0.0-canary-7118f5dd7-20230705' ],
184 silly audit   resolve: [ '2.0.0-next.5', '1.22.8' ],
184 silly audit   'eslint-scope': [ '7.2.2' ],
184 silly audit   'eslint-visitor-keys': [ '3.4.3' ],
184 silly audit   espree: [ '9.6.1' ],
184 silly audit   esquery: [ '1.6.0' ],
184 silly audit   esrecurse: [ '4.3.0' ],
184 silly audit   estraverse: [ '5.3.0' ],
184 silly audit   esutils: [ '2.0.3' ],
184 silly audit   'fast-deep-equal': [ '3.1.3' ],
184 silly audit   'fast-glob': [ '3.3.2' ],
184 silly audit   'fast-json-stable-stringify': [ '2.1.0' ],
184 silly audit   'fast-levenshtein': [ '2.0.6' ],
184 silly audit   fastq: [ '1.17.1' ],
184 silly audit   'file-entry-cache': [ '6.0.1' ],
184 silly audit   'fill-range': [ '7.1.1' ],
184 silly audit   'find-up': [ '5.0.0' ],
184 silly audit   'flat-cache': [ '3.2.0' ],
184 silly audit   flatted: [ '3.3.1' ],
184 silly audit   'for-each': [ '0.3.3' ],
184 silly audit   'foreground-child': [ '3.3.0' ],
184 silly audit   'framer-motion': [ '11.11.11' ],
184 silly audit   'fs.realpath': [ '1.0.0' ],
184 silly audit   fsevents: [ '2.3.3' ],
184 silly audit   'function-bind': [ '1.1.2' ],
184 silly audit   'function.prototype.name': [ '1.1.6' ],
184 silly audit   'functions-have-names': [ '1.2.3' ],
184 silly audit   'get-intrinsic': [ '1.2.4' ],
184 silly audit   'get-symbol-description': [ '1.0.2' ],
184 silly audit   'get-tsconfig': [ '4.8.1' ],
184 silly audit   glob: [ '10.3.10', '7.2.3' ],
184 silly audit   globals: [ '13.24.0' ],
184 silly audit   globalthis: [ '1.0.4' ],
184 silly audit   gopd: [ '1.0.1' ],
184 silly audit   'graceful-fs': [ '4.2.11' ],
184 silly audit   graphemer: [ '1.4.0' ],
184 silly audit   'has-bigints': [ '1.0.2' ],
184 silly audit   'has-flag': [ '4.0.0' ],
184 silly audit   'has-property-descriptors': [ '1.0.2' ],
184 silly audit   'has-proto': [ '1.0.3' ],
184 silly audit   'has-symbols': [ '1.0.3' ],
184 silly audit   'has-tostringtag': [ '1.0.2' ],
184 silly audit   hasown: [ '2.0.2' ],
184 silly audit   ignore: [ '5.3.2' ],
184 silly audit   'import-fresh': [ '3.3.0' ],
184 silly audit   imurmurhash: [ '0.1.4' ],
184 silly audit   inflight: [ '1.0.6' ],
184 silly audit   inherits: [ '2.0.4' ],
184 silly audit   'internal-slot': [ '1.0.7' ],
184 silly audit   'is-arguments': [ '1.1.1' ],
184 silly audit   'is-array-buffer': [ '3.0.4' ],
184 silly audit   'is-async-function': [ '2.0.0' ],
184 silly audit   'is-bigint': [ '1.0.4' ],
184 silly audit   'is-binary-path': [ '2.1.0' ],
184 silly audit   'is-boolean-object': [ '1.1.2' ],
184 silly audit   'is-bun-module': [ '1.2.1' ],
184 silly audit   'is-callable': [ '1.2.7' ],
184 silly audit   'is-core-module': [ '2.15.1' ],
184 silly audit   'is-data-view': [ '1.0.1' ],
184 silly audit   'is-date-object': [ '1.0.5' ],
184 silly audit   'is-extglob': [ '2.1.1' ],
184 silly audit   'is-finalizationregistry': [ '1.0.2' ],
184 silly audit   'is-fullwidth-code-point': [ '3.0.0' ],
184 silly audit   'is-generator-function': [ '1.0.10' ],
184 silly audit   'is-glob': [ '4.0.3' ],
184 silly audit   'is-map': [ '2.0.3' ],
184 silly audit   'is-negative-zero': [ '2.0.3' ],
184 silly audit   'is-number': [ '7.0.0' ],
184 silly audit   'is-number-object': [ '1.0.7' ],
184 silly audit   'is-path-inside': [ '3.0.3' ],
184 silly audit   'is-regex': [ '1.1.4' ],
184 silly audit   'is-set': [ '2.0.3' ],
184 silly audit   'is-shared-array-buffer': [ '1.0.3' ],
184 silly audit   'is-string': [ '1.0.7' ],
184 silly audit   'is-symbol': [ '1.0.4' ],
184 silly audit   'is-typed-array': [ '1.1.13' ],
184 silly audit   'is-weakmap': [ '2.0.2' ],
184 silly audit   'is-weakref': [ '1.0.2' ],
184 silly audit   'is-weakset': [ '2.0.3' ],
184 silly audit   isarray: [ '2.0.5' ],
184 silly audit   isexe: [ '2.0.0' ],
184 silly audit   'iterator.prototype': [ '1.1.3' ],
184 silly audit   jackspeak: [ '2.3.6' ],
184 silly audit   jiti: [ '1.21.6' ],
184 silly audit   'js-tokens': [ '4.0.0' ],
184 silly audit   'js-yaml': [ '4.1.0' ],
184 silly audit   'json-buffer': [ '3.0.1' ],
184 silly audit   'json-schema-traverse': [ '0.4.1' ],
184 silly audit   'json-stable-stringify-without-jsonify': [ '1.0.1' ],
184 silly audit   json5: [ '1.0.2' ],
184 silly audit   'jsx-ast-utils': [ '3.3.5' ],
184 silly audit   keyv: [ '4.5.4' ],
184 silly audit   'language-subtag-registry': [ '0.3.23' ],
184 silly audit   'language-tags': [ '1.0.9' ],
184 silly audit   levn: [ '0.4.1' ],
184 silly audit   lilconfig: [ '2.1.0', '3.1.2' ],
184 silly audit   'lines-and-columns': [ '1.2.4' ],
184 silly audit   'locate-path': [ '6.0.0' ],
184 silly audit   'lodash.merge': [ '4.6.2' ],
184 silly audit   'loose-envify': [ '1.4.0' ],
184 silly audit   'lru-cache': [ '10.4.3' ],
184 silly audit   'lucide-react': [ '0.453.0' ],
184 silly audit   merge2: [ '1.4.1' ],
184 silly audit   micromatch: [ '4.0.8' ],
184 silly audit   minimist: [ '1.2.8' ],
184 silly audit   minipass: [ '7.1.2' ],
184 silly audit   ms: [ '2.1.3' ],
184 silly audit   mz: [ '2.7.0' ],
184 silly audit   nanoid: [ '3.3.7' ],
184 silly audit   'natural-compare': [ '1.4.0' ],
184 silly audit   next: [ '14.2.15' ],
184 silly audit   'next-themes': [ '0.3.0' ],
184 silly audit   postcss: [ '8.4.31', '8.4.47' ],
184 silly audit   'normalize-path': [ '3.0.0' ],
184 silly audit   'object-assign': [ '4.1.1' ],
184 silly audit   'object-hash': [ '3.0.0' ],
184 silly audit   'object-inspect': [ '1.13.2' ],
184 silly audit   'object-is': [ '1.1.6' ],
184 silly audit   'object-keys': [ '1.1.1' ],
184 silly audit   'object.assign': [ '4.1.5' ],
184 silly audit   'object.entries': [ '1.1.8' ],
184 silly audit   'object.fromentries': [ '2.0.8' ],
184 silly audit   'object.groupby': [ '1.0.3' ],
184 silly audit   'object.values': [ '1.2.0' ],
184 silly audit   once: [ '1.4.0' ],
184 silly audit   optionator: [ '0.9.4' ],
184 silly audit   'p-limit': [ '3.1.0' ],
184 silly audit   'p-locate': [ '5.0.0' ],
184 silly audit   'parent-module': [ '1.0.1' ],
184 silly audit   'path-exists': [ '4.0.0' ],
184 silly audit   'path-is-absolute': [ '1.0.1' ],
184 silly audit   'path-key': [ '3.1.1' ],
184 silly audit   'path-parse': [ '1.0.7' ],
184 silly audit   'path-scurry': [ '1.11.1' ],
184 silly audit   picocolors: [ '1.1.1' ],
184 silly audit   picomatch: [ '2.3.1' ],
184 silly audit   pify: [ '2.3.0' ],
184 silly audit   pirates: [ '4.0.6' ],
184 silly audit   'possible-typed-array-names': [ '1.0.0' ],
184 silly audit   'postcss-import': [ '15.1.0' ],
184 silly audit   'postcss-js': [ '4.0.1' ],
184 silly audit   'postcss-load-config': [ '4.0.2' ],
184 silly audit   'postcss-nested': [ '6.2.0' ],
184 silly audit   'postcss-selector-parser': [ '6.1.2' ],
184 silly audit   'postcss-value-parser': [ '4.2.0' ],
184 silly audit   'prelude-ls': [ '1.2.1' ],
184 silly audit   'prop-types': [ '15.8.1' ],
184 silly audit   punycode: [ '2.3.1' ],
184 silly audit   'queue-microtask': [ '1.2.3' ],
184 silly audit   react: [ '18.3.1' ],
184 silly audit   'react-dom': [ '18.3.1' ],
184 silly audit   'react-is': [ '16.13.1' ],
184 silly audit   'read-cache': [ '1.0.0' ],
184 silly audit   readdirp: [ '3.6.0' ],
184 silly audit   'reflect.getprototypeof': [ '1.0.6' ],
184 silly audit   'regexp.prototype.flags': [ '1.5.3' ],
184 silly audit   'resolve-from': [ '4.0.0' ],
184 silly audit   'resolve-pkg-maps': [ '1.0.0' ],
184 silly audit   reusify: [ '1.0.4' ],
184 silly audit   rimraf: [ '3.0.2' ],
184 silly audit   'run-parallel': [ '1.2.0' ],
184 silly audit   'safe-array-concat': [ '1.1.2' ],
184 silly audit   'safe-regex-test': [ '1.0.3' ],
184 silly audit   scheduler: [ '0.23.2' ],
184 silly audit   'set-function-length': [ '1.2.2' ],
184 silly audit   'set-function-name': [ '2.0.2' ],
184 silly audit   'shebang-command': [ '2.0.0' ],
184 silly audit   'shebang-regex': [ '3.0.0' ],
184 silly audit   'side-channel': [ '1.0.6' ],
184 silly audit   'signal-exit': [ '4.1.0' ],
184 silly audit   'source-map-js': [ '1.2.1' ],
184 silly audit   'stop-iteration-iterator': [ '1.0.0' ],
184 silly audit   streamsearch: [ '1.1.0' ],
184 silly audit   'string-width': [ '5.1.2', '4.2.3' ],
184 silly audit   'string.prototype.includes': [ '2.0.1' ],
184 silly audit   'string.prototype.matchall': [ '4.0.11' ],
184 silly audit   'string.prototype.repeat': [ '1.0.0' ],
184 silly audit   'string.prototype.trim': [ '1.2.9' ],
184 silly audit   'string.prototype.trimend': [ '1.0.8' ],
184 silly audit   'string.prototype.trimstart': [ '1.0.8' ],
184 silly audit   'strip-bom': [ '3.0.0' ],
184 silly audit   'strip-json-comments': [ '3.1.1' ],
184 silly audit   'styled-jsx': [ '5.1.1' ],
184 silly audit   sucrase: [ '3.35.0' ],
184 silly audit   'supports-color': [ '7.2.0' ],
184 silly audit   'supports-preserve-symlinks-flag': [ '1.0.0' ],
184 silly audit   tabbable: [ '6.2.0' ],
184 silly audit   'tailwind-merge': [ '2.5.4' ],
184 silly audit   tailwindcss: [ '3.4.14' ],
184 silly audit   'tailwindcss-animate': [ '1.0.7' ],
184 silly audit   tapable: [ '2.2.1' ],
184 silly audit   'text-table': [ '0.2.0' ],
184 silly audit   thenify: [ '3.3.1' ],
184 silly audit   'thenify-all': [ '1.6.0' ],
184 silly audit   'to-regex-range': [ '5.0.1' ],
184 silly audit   'ts-api-utils': [ '1.3.0' ],
184 silly audit   'ts-interface-checker': [ '0.1.13' ],
184 silly audit   'tsconfig-paths': [ '3.15.0' ],
184 silly audit   tslib: [ '2.8.0' ],
184 silly audit   'type-check': [ '0.4.0' ],
184 silly audit   'type-fest': [ '0.20.2' ],
184 silly audit   'typed-array-buffer': [ '1.0.2' ],
184 silly audit   'typed-array-byte-length': [ '1.0.1' ],
184 silly audit   'typed-array-byte-offset': [ '1.0.2' ],
184 silly audit   'typed-array-length': [ '1.0.6' ],
184 silly audit   typescript: [ '5.6.3' ],
184 silly audit   'unbox-primitive': [ '1.0.2' ],
184 silly audit   'undici-types': [ '6.19.8' ],
184 silly audit   'uri-js': [ '4.4.1' ],
184 silly audit   'util-deprecate': [ '1.0.2' ],
184 silly audit   which: [ '2.0.2' ],
184 silly audit   'which-boxed-primitive': [ '1.0.2' ],
184 silly audit   'which-builtin-type': [ '1.1.4' ],
184 silly audit   'which-collection': [ '1.0.2' ],
184 silly audit   'which-typed-array': [ '1.1.15' ],
184 silly audit   'word-wrap': [ '1.2.5' ],
184 silly audit   'wrap-ansi': [ '8.1.0', '7.0.0' ],
184 silly audit   wrappy: [ '1.0.2' ],
184 silly audit   yaml: [ '2.6.0' ],
184 silly audit   'yocto-queue': [ '0.1.0' ],
184 silly audit   '@radix-ui/react-label': [ '2.1.0' ],
184 silly audit   '@radix-ui/react-select': [ '2.1.2' ],
184 silly audit   '@radix-ui/react-slot': [ '1.1.0' ],
184 silly audit   '@radix-ui/number': [ '1.1.0' ],
184 silly audit   '@radix-ui/react-dismissable-layer': [ '1.1.1' ],
184 silly audit   '@radix-ui/react-focus-guards': [ '1.1.1' ],
184 silly audit   '@radix-ui/react-focus-scope': [ '1.1.0' ],
184 silly audit   '@radix-ui/react-popper': [ '1.2.0' ],
184 silly audit   '@radix-ui/react-portal': [ '1.1.2' ],
184 silly audit   '@radix-ui/react-use-previous': [ '1.1.0' ],
184 silly audit   '@radix-ui/react-visually-hidden': [ '1.1.0' ],
184 silly audit   'aria-hidden': [ '1.2.4' ],
184 silly audit   'react-remove-scroll': [ '2.6.0' ],
184 silly audit   '@radix-ui/react-use-escape-keydown': [ '1.1.0' ],
184 silly audit   '@radix-ui/react-arrow': [ '1.1.0' ],
184 silly audit   '@radix-ui/react-use-rect': [ '1.1.0' ],
184 silly audit   '@radix-ui/react-use-size': [ '1.1.0' ],
184 silly audit   '@radix-ui/rect': [ '1.1.0' ],
184 silly audit   'react-remove-scroll-bar': [ '2.3.6' ],
184 silly audit   'react-style-singleton': [ '2.2.1' ],
184 silly audit   'use-callback-ref': [ '1.3.2' ],
184 silly audit   'use-sidecar': [ '1.1.2' ],
184 silly audit   'get-nonce': [ '1.0.1' ],
184 silly audit   invariant: [ '2.2.4' ],
184 silly audit   'detect-node-es': [ '1.1.0' ]
184 silly audit }
185 verbose reify failed optional dependency E:\Saad Rehman-GitHub\Cyberian-Electronics\node_modules\fsevents
186 silly reify mark deleted [
186 silly reify   'E:\\Saad Rehman-GitHub\\Cyberian-Electronics\\node_modules\\fsevents'
186 silly reify ]
187 verbose reify failed optional dependency E:\Saad Rehman-GitHub\Cyberian-Electronics\node_modules\@next\swc-win32-ia32-msvc
188 silly reify mark deleted [
188 silly reify   'E:\\Saad Rehman-GitHub\\Cyberian-Electronics\\node_modules\\@next\\swc-win32-ia32-msvc'
188 silly reify ]
189 verbose reify failed optional dependency E:\Saad Rehman-GitHub\Cyberian-Electronics\node_modules\@next\swc-win32-arm64-msvc
190 silly reify mark deleted [
190 silly reify   'E:\\Saad Rehman-GitHub\\Cyberian-Electronics\\node_modules\\@next\\swc-win32-arm64-msvc'
190 silly reify ]
191 verbose reify failed optional dependency E:\Saad Rehman-GitHub\Cyberian-Electronics\node_modules\@next\swc-linux-x64-musl
192 silly reify mark deleted [
192 silly reify   'E:\\Saad Rehman-GitHub\\Cyberian-Electronics\\node_modules\\@next\\swc-linux-x64-musl'
192 silly reify ]
193 verbose reify failed optional dependency E:\Saad Rehman-GitHub\Cyberian-Electronics\node_modules\@next\swc-linux-x64-gnu
194 silly reify mark deleted [
194 silly reify   'E:\\Saad Rehman-GitHub\\Cyberian-Electronics\\node_modules\\@next\\swc-linux-x64-gnu'
194 silly reify ]
195 verbose reify failed optional dependency E:\Saad Rehman-GitHub\Cyberian-Electronics\node_modules\@next\swc-linux-arm64-musl
196 silly reify mark deleted [
196 silly reify   'E:\\Saad Rehman-GitHub\\Cyberian-Electronics\\node_modules\\@next\\swc-linux-arm64-musl'
196 silly reify ]
197 verbose reify failed optional dependency E:\Saad Rehman-GitHub\Cyberian-Electronics\node_modules\@next\swc-linux-arm64-gnu
198 silly reify mark deleted [
198 silly reify   'E:\\Saad Rehman-GitHub\\Cyberian-Electronics\\node_modules\\@next\\swc-linux-arm64-gnu'
198 silly reify ]
199 verbose reify failed optional dependency E:\Saad Rehman-GitHub\Cyberian-Electronics\node_modules\@next\swc-darwin-x64
200 silly reify mark deleted [
200 silly reify   'E:\\Saad Rehman-GitHub\\Cyberian-Electronics\\node_modules\\@next\\swc-darwin-x64'
200 silly reify ]
201 verbose reify failed optional dependency E:\Saad Rehman-GitHub\Cyberian-Electronics\node_modules\@next\swc-darwin-arm64
202 silly reify mark deleted [
202 silly reify   'E:\\Saad Rehman-GitHub\\Cyberian-Electronics\\node_modules\\@next\\swc-darwin-arm64'
202 silly reify ]
203 silly tarball no local data for invariant@https://registry.npmjs.org/invariant/-/invariant-2.2.4.tgz. Extracting by manifest.
204 silly tarball no local data for detect-node-es@https://registry.npmjs.org/detect-node-es/-/detect-node-es-1.1.0.tgz. Extracting by manifest.
205 silly tarball no local data for get-nonce@https://registry.npmjs.org/get-nonce/-/get-nonce-1.0.1.tgz. Extracting by manifest.
206 silly tarball no local data for use-sidecar@https://registry.npmjs.org/use-sidecar/-/use-sidecar-1.1.2.tgz. Extracting by manifest.
207 silly tarball no local data for react-style-singleton@https://registry.npmjs.org/react-style-singleton/-/react-style-singleton-2.2.1.tgz. Extracting by manifest.
208 silly tarball no local data for react-remove-scroll-bar@https://registry.npmjs.org/react-remove-scroll-bar/-/react-remove-scroll-bar-2.3.6.tgz. Extracting by manifest.
209 silly tarball no local data for @radix-ui/rect@https://registry.npmjs.org/@radix-ui/rect/-/rect-1.1.0.tgz. Extracting by manifest.
210 silly tarball no local data for use-callback-ref@https://registry.npmjs.org/use-callback-ref/-/use-callback-ref-1.3.2.tgz. Extracting by manifest.
211 silly tarball no local data for @radix-ui/react-use-size@https://registry.npmjs.org/@radix-ui/react-use-size/-/react-use-size-1.1.0.tgz. Extracting by manifest.
212 silly tarball no local data for @radix-ui/react-use-rect@https://registry.npmjs.org/@radix-ui/react-use-rect/-/react-use-rect-1.1.0.tgz. Extracting by manifest.
213 silly tarball no local data for @radix-ui/react-arrow@https://registry.npmjs.org/@radix-ui/react-arrow/-/react-arrow-1.1.0.tgz. Extracting by manifest.
214 silly tarball no local data for react-remove-scroll@https://registry.npmjs.org/react-remove-scroll/-/react-remove-scroll-2.6.0.tgz. Extracting by manifest.
215 silly tarball no local data for @radix-ui/react-use-escape-keydown@https://registry.npmjs.org/@radix-ui/react-use-escape-keydown/-/react-use-escape-keydown-1.1.0.tgz. Extracting by manifest.
216 silly tarball no local data for @radix-ui/react-use-previous@https://registry.npmjs.org/@radix-ui/react-use-previous/-/react-use-previous-1.1.0.tgz. Extracting by manifest.
217 silly tarball no local data for aria-hidden@https://registry.npmjs.org/aria-hidden/-/aria-hidden-1.2.4.tgz. Extracting by manifest.
218 silly tarball no local data for @radix-ui/react-visually-hidden@https://registry.npmjs.org/@radix-ui/react-visually-hidden/-/react-visually-hidden-1.1.0.tgz. Extracting by manifest.
219 silly tarball no local data for @radix-ui/react-portal@https://registry.npmjs.org/@radix-ui/react-portal/-/react-portal-1.1.2.tgz. Extracting by manifest.
220 silly tarball no local data for @radix-ui/react-popper@https://registry.npmjs.org/@radix-ui/react-popper/-/react-popper-1.2.0.tgz. Extracting by manifest.
221 silly tarball no local data for @radix-ui/react-focus-guards@https://registry.npmjs.org/@radix-ui/react-focus-guards/-/react-focus-guards-1.1.1.tgz. Extracting by manifest.
222 silly tarball no local data for @radix-ui/number@https://registry.npmjs.org/@radix-ui/number/-/number-1.1.0.tgz. Extracting by manifest.
223 silly tarball no local data for @radix-ui/react-dismissable-layer@https://registry.npmjs.org/@radix-ui/react-dismissable-layer/-/react-dismissable-layer-1.1.1.tgz. Extracting by manifest.
224 silly tarball no local data for @radix-ui/react-focus-scope@https://registry.npmjs.org/@radix-ui/react-focus-scope/-/react-focus-scope-1.1.0.tgz. Extracting by manifest.
225 silly tarball no local data for @radix-ui/react-select@https://registry.npmjs.org/@radix-ui/react-select/-/react-select-2.1.2.tgz. Extracting by manifest.
226 http fetch GET 200 https://registry.npmjs.org/invariant/-/invariant-2.2.4.tgz 187ms (cache miss)
227 http fetch GET 200 https://registry.npmjs.org/get-nonce/-/get-nonce-1.0.1.tgz 186ms (cache miss)
228 http fetch GET 200 https://registry.npmjs.org/detect-node-es/-/detect-node-es-1.1.0.tgz 190ms (cache miss)
229 http fetch GET 200 https://registry.npmjs.org/use-sidecar/-/use-sidecar-1.1.2.tgz 191ms (cache miss)
230 http fetch GET 200 https://registry.npmjs.org/react-remove-scroll-bar/-/react-remove-scroll-bar-2.3.6.tgz 253ms (cache miss)
231 http fetch GET 200 https://registry.npmjs.org/react-style-singleton/-/react-style-singleton-2.2.1.tgz 257ms (cache miss)
232 http fetch POST 200 https://registry.npmjs.org/-/npm/v1/security/advisories/bulk 318ms
233 silly audit report {}
234 http fetch GET 200 https://registry.npmjs.org/aria-hidden/-/aria-hidden-1.2.4.tgz 286ms (cache miss)
235 http fetch GET 200 https://registry.npmjs.org/@radix-ui/react-focus-scope/-/react-focus-scope-1.1.0.tgz 437ms (cache miss)
236 http fetch GET 200 https://registry.npmjs.org/@radix-ui/react-use-rect/-/react-use-rect-1.1.0.tgz 500ms (cache miss)
237 http fetch GET 200 https://registry.npmjs.org/@radix-ui/rect/-/rect-1.1.0.tgz 506ms (cache miss)
238 http fetch GET 200 https://registry.npmjs.org/@radix-ui/react-popper/-/react-popper-1.2.0.tgz 526ms (cache miss)
239 http fetch GET 200 https://registry.npmjs.org/@radix-ui/react-arrow/-/react-arrow-1.1.0.tgz 555ms (cache miss)
240 http fetch GET 200 https://registry.npmjs.org/@radix-ui/react-focus-guards/-/react-focus-guards-1.1.1.tgz 562ms (cache miss)
241 http fetch GET 200 https://registry.npmjs.org/@radix-ui/number/-/number-1.1.0.tgz 564ms (cache miss)
242 http fetch GET 200 https://registry.npmjs.org/@radix-ui/react-use-escape-keydown/-/react-use-escape-keydown-1.1.0.tgz 600ms (cache miss)
243 http fetch GET 200 https://registry.npmjs.org/@radix-ui/react-portal/-/react-portal-1.1.2.tgz 623ms (cache miss)
244 http fetch GET 200 https://registry.npmjs.org/@radix-ui/react-dismissable-layer/-/react-dismissable-layer-1.1.1.tgz 640ms (cache miss)
245 http fetch GET 200 https://registry.npmjs.org/use-callback-ref/-/use-callback-ref-1.3.2.tgz 650ms (cache miss)
246 http fetch GET 200 https://registry.npmjs.org/react-remove-scroll/-/react-remove-scroll-2.6.0.tgz 652ms (cache miss)
247 http fetch GET 200 https://registry.npmjs.org/@radix-ui/react-use-previous/-/react-use-previous-1.1.0.tgz 848ms (cache miss)
248 http fetch GET 200 https://registry.npmjs.org/@radix-ui/react-visually-hidden/-/react-visually-hidden-1.1.0.tgz 955ms (cache miss)
249 http fetch GET 200 https://registry.npmjs.org/@radix-ui/react-use-size/-/react-use-size-1.1.0.tgz 1378ms (cache miss)
250 http fetch GET 200 https://registry.npmjs.org/@radix-ui/react-select/-/react-select-2.1.2.tgz 1471ms (cache miss)
251 silly ADD node_modules/detect-node-es
252 silly ADD node_modules/invariant
253 silly ADD node_modules/get-nonce
254 silly ADD node_modules/use-sidecar
255 silly ADD node_modules/use-callback-ref
256 silly ADD node_modules/react-style-singleton
257 silly ADD node_modules/react-remove-scroll-bar
258 silly ADD node_modules/@radix-ui/rect
259 silly ADD node_modules/@radix-ui/react-use-size
260 silly ADD node_modules/@radix-ui/react-use-rect
261 silly ADD node_modules/@radix-ui/react-arrow
262 silly ADD node_modules/@radix-ui/react-use-escape-keydown
263 silly ADD node_modules/react-remove-scroll
264 silly ADD node_modules/aria-hidden
265 silly ADD node_modules/@radix-ui/react-visually-hidden
266 silly ADD node_modules/@radix-ui/react-use-previous
267 silly ADD node_modules/@radix-ui/react-portal
268 silly ADD node_modules/@radix-ui/react-popper
269 silly ADD node_modules/@radix-ui/react-popper/node_modules/@radix-ui/react-context
270 silly ADD node_modules/@radix-ui/react-focus-scope
271 silly ADD node_modules/@radix-ui/react-focus-guards
272 silly ADD node_modules/@radix-ui/react-dismissable-layer
273 silly ADD node_modules/@radix-ui/number
274 silly ADD node_modules/@radix-ui/react-select
275 silly ADD
276 silly ADD
277 silly ADD
278 silly ADD
279 silly ADD
280 silly ADD
281 silly ADD
282 silly ADD
283 silly ADD
284 verbose cwd E:\Saad Rehman-GitHub\Cyberian-Electronics
285 verbose os Windows_NT 10.0.22631
286 verbose node v22.3.0
287 verbose npm  v10.8.1
288 verbose exit 0
289 info ok
