0 verbose cli C:\Program Files\nodejs\node.exe C:\Program Files\nodejs\node_modules\npm\bin\npm-cli.js
1 info using npm@10.8.1
2 info using node@v22.3.0
3 silly config load:file:C:\Program Files\nodejs\node_modules\npm\npmrc
4 silly config load:file:E:\Saad Rehman-GitHub\Cyberian-Electronics\.npmrc
5 silly config load:file:C:\Users\saadr\.npmrc
6 silly config load:file:C:\Users\saadr\AppData\Roaming\npm\etc\npmrc
7 verbose title npm install framer-motion @radix-ui/react-slot embla-carousel-react @radix-ui/react-tabs
8 verbose argv "install" "framer-motion" "@radix-ui/react-slot" "embla-carousel-react" "@radix-ui/react-tabs"
9 verbose logfile logs-max:10 dir:E:\Saad Rehman-GitHub\Cyberian-Electronics\%APPDATA%\npm-cache\_logs\2024-11-10T15_58_31_448Z-
10 verbose logfile E:\Saad Rehman-GitHub\Cyberian-Electronics\%APPDATA%\npm-cache\_logs\2024-11-10T15_58_31_448Z-debug-0.log
11 silly packumentCache heap:4345298944 maxSize:1086324736 maxEntrySize:543162368
12 silly logfile start cleaning logs, removing 1 files
13 silly logfile done cleaning log files
14 silly idealTree buildDeps
15 silly fetch manifest @radix-ui/react-slot@^1.1.0
16 silly packumentCache full:https://registry.npmjs.org/@radix-ui%2freact-slot cache-miss
17 http fetch GET 200 https://registry.npmjs.org/@radix-ui%2freact-slot 789ms (cache revalidated)
18 silly packumentCache full:https://registry.npmjs.org/@radix-ui%2freact-slot set size:272432 disposed:false
19 silly fetch manifest @types/react@^18
20 silly packumentCache full:https://registry.npmjs.org/@types%2freact cache-miss
21 http fetch GET 200 https://registry.npmjs.org/@types%2freact 349ms (cache updated)
22 silly packumentCache full:https://registry.npmjs.org/@types%2freact set size:undefined disposed:false
23 silly fetch manifest react@^18
24 silly packumentCache full:https://registry.npmjs.org/react cache-miss
25 http fetch GET 200 https://registry.npmjs.org/react 406ms (cache updated)
26 silly packumentCache full:https://registry.npmjs.org/react set size:undefined disposed:false
27 silly fetch manifest embla-carousel-react@^8.3.0
28 silly packumentCache full:https://registry.npmjs.org/embla-carousel-react cache-miss
29 http fetch GET 200 https://registry.npmjs.org/embla-carousel-react 861ms (cache updated)
30 silly packumentCache full:https://registry.npmjs.org/embla-carousel-react set size:undefined disposed:false
31 silly fetch manifest framer-motion@^11.11.9
32 silly packumentCache full:https://registry.npmjs.org/framer-motion cache-miss
33 http fetch GET 200 https://registry.npmjs.org/framer-motion 433ms (cache updated)
34 silly packumentCache full:https://registry.npmjs.org/framer-motion set size:undefined disposed:false
35 silly fetch manifest @emotion/is-prop-valid@*
36 silly packumentCache full:https://registry.npmjs.org/@emotion%2fis-prop-valid cache-miss
37 http fetch GET 200 https://registry.npmjs.org/@emotion%2fis-prop-valid 201ms (cache revalidated)
38 silly packumentCache full:https://registry.npmjs.org/@emotion%2fis-prop-valid set size:94483 disposed:false
39 silly fetch manifest react-dom@^18
40 silly packumentCache full:https://registry.npmjs.org/react-dom cache-miss
41 http fetch GET 200 https://registry.npmjs.org/react-dom 328ms (cache updated)
42 silly packumentCache full:https://registry.npmjs.org/react-dom set size:undefined disposed:false
43 silly fetch manifest @radix-ui/react-tabs@*
44 silly packumentCache full:https://registry.npmjs.org/@radix-ui%2freact-tabs cache-miss
45 http fetch GET 200 https://registry.npmjs.org/@radix-ui%2freact-tabs 403ms (cache miss)
46 silly packumentCache full:https://registry.npmjs.org/@radix-ui%2freact-tabs set size:undefined disposed:false
47 silly fetch manifest @types/react-dom@^18
48 silly packumentCache full:https://registry.npmjs.org/@types%2freact-dom cache-miss
49 http fetch GET 200 https://registry.npmjs.org/@types%2freact-dom 228ms (cache miss)
50 silly packumentCache full:https://registry.npmjs.org/@types%2freact-dom set size:undefined disposed:false
51 silly placeDep ROOT @radix-ui/react-slot@1.1.0 REPLACE for: cyberian-electronics@0.1.0 want: ^1.1.0
52 silly placeDep ROOT @radix-ui/react-tabs@1.1.1 OK for: cyberian-electronics@0.1.0 want: *
53 silly placeDep ROOT embla-carousel-react@8.3.1 REPLACE for: cyberian-electronics@0.1.0 want: ^8.3.0
54 silly placeDep ROOT framer-motion@11.11.11 REPLACE for: cyberian-electronics@0.1.0 want: ^11.11.9
55 silly fetch manifest @radix-ui/primitive@1.1.0
56 silly packumentCache full:https://registry.npmjs.org/@radix-ui%2fprimitive cache-miss
57 silly fetch manifest @radix-ui/react-context@1.1.1
58 silly packumentCache full:https://registry.npmjs.org/@radix-ui%2freact-context cache-miss
59 silly fetch manifest @radix-ui/react-direction@1.1.0
60 silly packumentCache full:https://registry.npmjs.org/@radix-ui%2freact-direction cache-miss
61 silly fetch manifest @radix-ui/react-id@1.1.0
62 silly packumentCache full:https://registry.npmjs.org/@radix-ui%2freact-id cache-miss
63 silly fetch manifest @radix-ui/react-presence@1.1.1
64 silly packumentCache full:https://registry.npmjs.org/@radix-ui%2freact-presence cache-miss
65 silly fetch manifest @radix-ui/react-primitive@2.0.0
66 silly packumentCache full:https://registry.npmjs.org/@radix-ui%2freact-primitive cache-miss
67 silly fetch manifest @radix-ui/react-roving-focus@1.1.0
68 silly packumentCache full:https://registry.npmjs.org/@radix-ui%2freact-roving-focus cache-miss
69 http fetch GET 200 https://registry.npmjs.org/@radix-ui%2fprimitive 370ms (cache miss)
70 silly packumentCache full:https://registry.npmjs.org/@radix-ui%2fprimitive set size:undefined disposed:false
71 silly fetch manifest @radix-ui/react-use-controllable-state@1.1.0
72 silly packumentCache full:https://registry.npmjs.org/@radix-ui%2freact-use-controllable-state cache-miss
73 http fetch GET 200 https://registry.npmjs.org/@radix-ui%2freact-context 482ms (cache miss)
74 silly packumentCache full:https://registry.npmjs.org/@radix-ui%2freact-context set size:undefined disposed:false
75 silly fetch manifest embla-carousel@8.3.1
76 silly packumentCache full:https://registry.npmjs.org/embla-carousel cache-miss
77 http fetch GET 200 https://registry.npmjs.org/@radix-ui%2freact-use-controllable-state 181ms (cache miss)
78 silly packumentCache full:https://registry.npmjs.org/@radix-ui%2freact-use-controllable-state set size:undefined disposed:false
79 silly fetch manifest embla-carousel-reactive-utils@8.3.1
80 silly packumentCache full:https://registry.npmjs.org/embla-carousel-reactive-utils cache-miss
81 http fetch GET 200 https://registry.npmjs.org/@radix-ui%2freact-direction 741ms (cache miss)
82 silly packumentCache full:https://registry.npmjs.org/@radix-ui%2freact-direction set size:undefined disposed:false
83 http fetch GET 200 https://registry.npmjs.org/embla-carousel-reactive-utils 191ms (cache updated)
84 silly packumentCache full:https://registry.npmjs.org/embla-carousel-reactive-utils set size:undefined disposed:false
85 http fetch GET 200 https://registry.npmjs.org/embla-carousel 264ms (cache updated)
86 silly packumentCache full:https://registry.npmjs.org/embla-carousel set size:undefined disposed:false
87 http fetch GET 200 https://registry.npmjs.org/@radix-ui%2freact-id 766ms (cache miss)
88 silly packumentCache full:https://registry.npmjs.org/@radix-ui%2freact-id set size:undefined disposed:false
89 http fetch GET 200 https://registry.npmjs.org/@radix-ui%2freact-roving-focus 823ms (cache miss)
90 silly packumentCache full:https://registry.npmjs.org/@radix-ui%2freact-roving-focus set size:undefined disposed:false
91 http fetch GET 200 https://registry.npmjs.org/@radix-ui%2freact-presence 1378ms (cache miss)
92 silly packumentCache full:https://registry.npmjs.org/@radix-ui%2freact-presence set size:undefined disposed:false
93 http fetch GET 200 https://registry.npmjs.org/@radix-ui%2freact-primitive 2001ms (cache miss)
94 silly packumentCache full:https://registry.npmjs.org/@radix-ui%2freact-primitive set size:undefined disposed:false
95 silly fetch manifest @types/react@*
96 silly packumentCache full:https://registry.npmjs.org/@types%2freact cache-miss
97 http fetch GET 200 https://registry.npmjs.org/@types%2freact 11ms (cache hit)
98 silly packumentCache full:https://registry.npmjs.org/@types%2freact set size:2224149 disposed:false
99 silly fetch manifest react@^16.8 || ^17.0 || ^18.0 || ^19.0 || ^19.0.0-rc
100 silly packumentCache full:https://registry.npmjs.org/react cache-miss
101 http fetch GET 200 https://registry.npmjs.org/react 15ms (cache hit)
102 silly packumentCache full:https://registry.npmjs.org/react set size:5136780 disposed:false
103 silly fetch manifest @types/react-dom@*
104 silly packumentCache full:https://registry.npmjs.org/@types%2freact-dom cache-miss
105 http fetch GET 200 https://registry.npmjs.org/@types%2freact-dom 10ms (cache hit)
106 silly packumentCache full:https://registry.npmjs.org/@types%2freact-dom set size:350529 disposed:false
107 silly fetch manifest react-dom@^16.8 || ^17.0 || ^18.0 || ^19.0 || ^19.0.0-rc
108 silly packumentCache full:https://registry.npmjs.org/react-dom cache-miss
109 http fetch GET 200 https://registry.npmjs.org/react-dom 22ms (cache hit)
110 silly packumentCache full:https://registry.npmjs.org/react-dom set size:6281974 disposed:false
111 silly placeDep ROOT @radix-ui/primitive@1.1.0 OK for: @radix-ui/react-tabs@1.1.1 want: 1.1.0
112 silly placeDep ROOT @radix-ui/react-context@1.1.1 OK for: @radix-ui/react-tabs@1.1.1 want: 1.1.1
113 silly placeDep ROOT @radix-ui/react-direction@1.1.0 OK for: @radix-ui/react-tabs@1.1.1 want: 1.1.0
114 silly placeDep ROOT @radix-ui/react-id@1.1.0 OK for: @radix-ui/react-tabs@1.1.1 want: 1.1.0
115 silly placeDep ROOT @radix-ui/react-presence@1.1.1 OK for: @radix-ui/react-tabs@1.1.1 want: 1.1.1
116 silly placeDep ROOT @radix-ui/react-primitive@2.0.0 OK for: @radix-ui/react-tabs@1.1.1 want: 2.0.0
117 silly placeDep ROOT @radix-ui/react-roving-focus@1.1.0 OK for: @radix-ui/react-tabs@1.1.1 want: 1.1.0
118 silly placeDep ROOT @radix-ui/react-use-controllable-state@1.1.0 OK for: @radix-ui/react-tabs@1.1.1 want: 1.1.0
119 silly fetch manifest @radix-ui/react-use-layout-effect@1.1.0
120 silly packumentCache full:https://registry.npmjs.org/@radix-ui%2freact-use-layout-effect cache-miss
121 silly fetch manifest @radix-ui/react-use-layout-effect@1.1.0
122 silly packumentCache full:https://registry.npmjs.org/@radix-ui%2freact-use-layout-effect cache-miss
123 silly fetch manifest @radix-ui/react-context@1.1.0
124 silly packumentCache full:https://registry.npmjs.org/@radix-ui%2freact-context cache-miss
125 silly fetch manifest @radix-ui/react-collection@1.1.0
126 silly packumentCache full:https://registry.npmjs.org/@radix-ui%2freact-collection cache-miss
127 silly fetch manifest @radix-ui/react-use-callback-ref@1.1.0
128 silly packumentCache full:https://registry.npmjs.org/@radix-ui%2freact-use-callback-ref cache-miss
129 silly fetch manifest @radix-ui/react-use-callback-ref@1.1.0
130 silly packumentCache full:https://registry.npmjs.org/@radix-ui%2freact-use-callback-ref cache-miss
131 http fetch GET 200 https://registry.npmjs.org/@radix-ui%2freact-context 16ms (cache hit)
132 silly packumentCache full:https://registry.npmjs.org/@radix-ui%2freact-context set size:208057 disposed:false
133 http fetch GET 200 https://registry.npmjs.org/@radix-ui%2freact-use-callback-ref 290ms (cache miss)
134 silly packumentCache full:https://registry.npmjs.org/@radix-ui%2freact-use-callback-ref set size:undefined disposed:false
135 http fetch GET 200 https://registry.npmjs.org/@radix-ui%2freact-collection 392ms (cache miss)
136 silly packumentCache full:https://registry.npmjs.org/@radix-ui%2freact-collection set size:undefined disposed:false
137 http fetch GET 200 https://registry.npmjs.org/@radix-ui%2freact-use-layout-effect 399ms (cache miss)
138 silly packumentCache full:https://registry.npmjs.org/@radix-ui%2freact-use-layout-effect set size:undefined disposed:false
139 http fetch GET 200 https://registry.npmjs.org/@radix-ui%2freact-use-layout-effect 411ms (cache miss)
140 silly packumentCache full:https://registry.npmjs.org/@radix-ui%2freact-use-layout-effect set size:undefined disposed:false
141 http fetch GET 200 https://registry.npmjs.org/@radix-ui%2freact-use-callback-ref 1675ms (cache miss)
142 silly packumentCache full:https://registry.npmjs.org/@radix-ui%2freact-use-callback-ref set size:undefined disposed:false
143 silly placeDep ROOT @radix-ui/react-use-layout-effect@1.1.0 OK for: @radix-ui/react-id@1.1.0 want: 1.1.0
144 silly placeDep ROOT @radix-ui/react-collection@1.1.0 OK for: @radix-ui/react-roving-focus@1.1.0 want: 1.1.0
145 silly placeDep node_modules/@radix-ui/react-roving-focus @radix-ui/react-context@1.1.0 OK for: @radix-ui/react-roving-focus@1.1.0 want: 1.1.0
146 silly placeDep ROOT @radix-ui/react-use-callback-ref@1.1.0 OK for: @radix-ui/react-roving-focus@1.1.0 want: 1.1.0
147 silly placeDep node_modules/@radix-ui/react-collection @radix-ui/react-context@1.1.0 OK for: @radix-ui/react-collection@1.1.0 want: 1.1.0
148 silly placeDep ROOT embla-carousel@8.3.1 OK for: embla-carousel-react@8.3.1 want: 8.3.1
149 silly placeDep ROOT embla-carousel-reactive-utils@8.3.1 OK for: embla-carousel-react@8.3.1 want: 8.3.1
150 silly reify mark retired [
150 silly reify   'E:\\Saad Rehman-GitHub\\Cyberian-Electronics\\node_modules\\embla-carousel'
150 silly reify ]
151 silly reify mark retired [
151 silly reify   'E:\\Saad Rehman-GitHub\\Cyberian-Electronics\\node_modules\\embla-carousel-react'
151 silly reify ]
152 silly reify mark retired [
152 silly reify   'E:\\Saad Rehman-GitHub\\Cyberian-Electronics\\node_modules\\embla-carousel-reactive-utils'
152 silly reify ]
153 silly reify mark retired [
153 silly reify   'E:\\Saad Rehman-GitHub\\Cyberian-Electronics\\node_modules\\framer-motion'
153 silly reify ]
154 silly reify moves {
154 silly reify   'E:\\Saad Rehman-GitHub\\Cyberian-Electronics\\node_modules\\embla-carousel': 'E:\\Saad Rehman-GitHub\\Cyberian-Electronics\\node_modules\\.embla-carousel-b6wDkL0k',
154 silly reify   'E:\\Saad Rehman-GitHub\\Cyberian-Electronics\\node_modules\\embla-carousel-react': 'E:\\Saad Rehman-GitHub\\Cyberian-Electronics\\node_modules\\.embla-carousel-react-EhPOaoUI',
154 silly reify   'E:\\Saad Rehman-GitHub\\Cyberian-Electronics\\node_modules\\embla-carousel-reactive-utils': 'E:\\Saad Rehman-GitHub\\Cyberian-Electronics\\node_modules\\.embla-carousel-reactive-utils-Kf9ORT9U',
154 silly reify   'E:\\Saad Rehman-GitHub\\Cyberian-Electronics\\node_modules\\framer-motion': 'E:\\Saad Rehman-GitHub\\Cyberian-Electronics\\node_modules\\.framer-motion-HtOGvxwA'
154 silly reify }
155 silly audit bulk request {
155 silly audit   '@alloc/quick-lru': [ '5.2.0' ],
155 silly audit   '@eslint-community/eslint-utils': [ '4.4.0' ],
155 silly audit   '@eslint-community/regexpp': [ '4.11.1' ],
155 silly audit   '@eslint/eslintrc': [ '2.1.4' ],
155 silly audit   '@eslint/js': [ '8.57.1' ],
155 silly audit   '@floating-ui/core': [ '1.6.8' ],
155 silly audit   '@floating-ui/dom': [ '1.6.11' ],
155 silly audit   '@floating-ui/react': [ '0.26.25' ],
155 silly audit   '@floating-ui/react-dom': [ '2.1.2' ],
155 silly audit   '@floating-ui/utils': [ '0.2.8' ],
155 silly audit   '@headlessui/react': [ '2.1.10' ],
155 silly audit   '@heroicons/react': [ '2.1.5' ],
155 silly audit   '@humanwhocodes/config-array': [ '0.13.0' ],
155 silly audit   '@humanwhocodes/module-importer': [ '1.0.1' ],
155 silly audit   '@humanwhocodes/object-schema': [ '2.0.3' ],
155 silly audit   '@isaacs/cliui': [ '8.0.2' ],
155 silly audit   'ansi-regex': [ '6.1.0', '5.0.1' ],
155 silly audit   'strip-ansi': [ '7.1.0', '6.0.1' ],
155 silly audit   '@jridgewell/gen-mapping': [ '0.3.5' ],
155 silly audit   '@jridgewell/resolve-uri': [ '3.1.2' ],
155 silly audit   '@jridgewell/set-array': [ '1.2.1' ],
155 silly audit   '@jridgewell/sourcemap-codec': [ '1.5.0' ],
155 silly audit   '@jridgewell/trace-mapping': [ '0.3.25' ],
155 silly audit   '@next/env': [ '14.2.15' ],
155 silly audit   '@next/eslint-plugin-next': [ '14.2.15' ],
155 silly audit   '@next/swc-darwin-arm64': [ '14.2.15' ],
155 silly audit   '@next/swc-darwin-x64': [ '14.2.15' ],
155 silly audit   '@next/swc-linux-arm64-gnu': [ '14.2.15' ],
155 silly audit   '@next/swc-linux-arm64-musl': [ '14.2.15' ],
155 silly audit   '@next/swc-linux-x64-gnu': [ '14.2.15' ],
155 silly audit   '@next/swc-linux-x64-musl': [ '14.2.15' ],
155 silly audit   '@next/swc-win32-arm64-msvc': [ '14.2.15' ],
155 silly audit   '@next/swc-win32-ia32-msvc': [ '14.2.15' ],
155 silly audit   '@next/swc-win32-x64-msvc': [ '14.2.15' ],
155 silly audit   '@nodelib/fs.scandir': [ '2.1.5' ],
155 silly audit   '@nodelib/fs.stat': [ '2.0.5' ],
155 silly audit   '@nodelib/fs.walk': [ '1.2.8' ],
155 silly audit   '@nolyfill/is-core-module': [ '1.0.39' ],
155 silly audit   '@pkgjs/parseargs': [ '0.11.0' ],
155 silly audit   '@radix-ui/react-compose-refs': [ '1.1.0' ],
155 silly audit   '@react-aria/focus': [ '3.18.4' ],
155 silly audit   '@react-aria/interactions': [ '3.22.4' ],
155 silly audit   '@react-aria/ssr': [ '3.9.6' ],
155 silly audit   '@react-aria/utils': [ '3.25.3' ],
155 silly audit   '@react-stately/utils': [ '3.10.4' ],
155 silly audit   '@react-types/shared': [ '3.25.0' ],
155 silly audit   '@rtsao/scc': [ '1.1.0' ],
155 silly audit   '@rushstack/eslint-patch': [ '1.10.4' ],
155 silly audit   '@swc/counter': [ '0.1.3' ],
155 silly audit   '@swc/helpers': [ '0.5.5' ],
155 silly audit   '@tanstack/react-virtual': [ '3.10.8' ],
155 silly audit   '@tanstack/virtual-core': [ '3.10.8' ],
155 silly audit   '@types/json5': [ '0.0.29' ],
155 silly audit   '@types/node': [ '20.16.13' ],
155 silly audit   '@types/prop-types': [ '15.7.13' ],
155 silly audit   '@types/react': [ '18.3.11' ],
155 silly audit   '@types/react-dom': [ '18.3.1' ],
155 silly audit   '@typescript-eslint/eslint-plugin': [ '8.10.0' ],
155 silly audit   '@typescript-eslint/parser': [ '8.10.0' ],
155 silly audit   '@typescript-eslint/scope-manager': [ '8.10.0' ],
155 silly audit   '@typescript-eslint/type-utils': [ '8.10.0' ],
155 silly audit   '@typescript-eslint/types': [ '8.10.0' ],
155 silly audit   '@typescript-eslint/typescript-estree': [ '8.10.0' ],
155 silly audit   'brace-expansion': [ '2.0.1', '1.1.11' ],
155 silly audit   minimatch: [ '9.0.5', '3.1.2' ],
155 silly audit   '@typescript-eslint/utils': [ '8.10.0' ],
155 silly audit   '@typescript-eslint/visitor-keys': [ '8.10.0' ],
155 silly audit   '@ungap/structured-clone': [ '1.2.0' ],
155 silly audit   acorn: [ '8.13.0' ],
155 silly audit   'acorn-jsx': [ '5.3.2' ],
155 silly audit   ajv: [ '6.12.6' ],
155 silly audit   'ansi-styles': [ '4.3.0', '6.2.1' ],
155 silly audit   'any-promise': [ '1.3.0' ],
155 silly audit   anymatch: [ '3.1.3' ],
155 silly audit   arg: [ '5.0.2' ],
155 silly audit   argparse: [ '2.0.1' ],
155 silly audit   'aria-query': [ '5.1.3' ],
155 silly audit   'array-buffer-byte-length': [ '1.0.1' ],
155 silly audit   'array-includes': [ '3.1.8' ],
155 silly audit   'array.prototype.findlast': [ '1.2.5' ],
155 silly audit   'array.prototype.findlastindex': [ '1.2.5' ],
155 silly audit   'array.prototype.flat': [ '1.3.2' ],
155 silly audit   'array.prototype.flatmap': [ '1.3.2' ],
155 silly audit   'array.prototype.tosorted': [ '1.1.4' ],
155 silly audit   'arraybuffer.prototype.slice': [ '1.0.3' ],
155 silly audit   'ast-types-flow': [ '0.0.8' ],
155 silly audit   'available-typed-arrays': [ '1.0.7' ],
155 silly audit   'axe-core': [ '4.10.1' ],
155 silly audit   'axobject-query': [ '4.1.0' ],
155 silly audit   'balanced-match': [ '1.0.2' ],
155 silly audit   'binary-extensions': [ '2.3.0' ],
155 silly audit   braces: [ '3.0.3' ],
155 silly audit   busboy: [ '1.6.0' ],
155 silly audit   'call-bind': [ '1.0.7' ],
155 silly audit   callsites: [ '3.1.0' ],
155 silly audit   'camelcase-css': [ '2.0.1' ],
155 silly audit   'caniuse-lite': [ '1.0.30001669' ],
155 silly audit   chalk: [ '4.1.2' ],
155 silly audit   chokidar: [ '3.6.0' ],
155 silly audit   'glob-parent': [ '5.1.2', '6.0.2' ],
155 silly audit   'class-variance-authority': [ '0.7.0' ],
155 silly audit   clsx: [ '2.0.0', '2.1.1' ],
155 silly audit   'client-only': [ '0.0.1' ],
155 silly audit   'color-convert': [ '2.0.1' ],
155 silly audit   'color-name': [ '1.1.4' ],
155 silly audit   commander: [ '4.1.1' ],
155 silly audit   'concat-map': [ '0.0.1' ],
155 silly audit   'cross-spawn': [ '7.0.3' ],
155 silly audit   cssesc: [ '3.0.0' ],
155 silly audit   csstype: [ '3.1.3' ],
155 silly audit   'damerau-levenshtein': [ '1.0.8' ],
155 silly audit   'data-view-buffer': [ '1.0.1' ],
155 silly audit   'data-view-byte-length': [ '1.0.1' ],
155 silly audit   'data-view-byte-offset': [ '1.0.0' ],
155 silly audit   debug: [ '4.3.7', '3.2.7' ],
155 silly audit   'deep-equal': [ '2.2.3' ],
155 silly audit   'deep-is': [ '0.1.4' ],
155 silly audit   'define-data-property': [ '1.1.4' ],
155 silly audit   'define-properties': [ '1.2.1' ],
155 silly audit   didyoumean: [ '1.2.2' ],
155 silly audit   dlv: [ '1.1.3' ],
155 silly audit   doctrine: [ '3.0.0', '2.1.0' ],
155 silly audit   eastasianwidth: [ '0.2.0' ],
155 silly audit   'emoji-regex': [ '9.2.2', '8.0.0' ],
155 silly audit   'enhanced-resolve': [ '5.17.1' ],
155 silly audit   'es-abstract': [ '1.23.3' ],
155 silly audit   'es-define-property': [ '1.0.0' ],
155 silly audit   'es-errors': [ '1.3.0' ],
155 silly audit   'es-get-iterator': [ '1.1.3' ],
155 silly audit   'es-iterator-helpers': [ '1.1.0' ],
155 silly audit   'es-object-atoms': [ '1.0.0' ],
155 silly audit   'es-set-tostringtag': [ '2.0.3' ],
155 silly audit   'es-shim-unscopables': [ '1.0.2' ],
155 silly audit   'es-to-primitive': [ '1.2.1' ],
155 silly audit   'escape-string-regexp': [ '4.0.0' ],
155 silly audit   eslint: [ '8.57.1' ],
155 silly audit   'eslint-config-next': [ '14.2.15' ],
155 silly audit   'eslint-import-resolver-node': [ '0.3.9' ],
155 silly audit   'eslint-import-resolver-typescript': [ '3.6.3' ],
155 silly audit   'eslint-module-utils': [ '2.12.0' ],
155 silly audit   'eslint-plugin-import': [ '2.31.0' ],
155 silly audit   semver: [ '6.3.1', '7.6.3' ],
155 silly audit   'eslint-plugin-jsx-a11y': [ '6.10.0' ],
155 silly audit   'eslint-plugin-react': [ '7.37.1' ],
155 silly audit   'eslint-plugin-react-hooks': [ '5.0.0-canary-7118f5dd7-20230705' ],
155 silly audit   resolve: [ '2.0.0-next.5', '1.22.8' ],
155 silly audit   'eslint-scope': [ '7.2.2' ],
155 silly audit   'eslint-visitor-keys': [ '3.4.3' ],
155 silly audit   espree: [ '9.6.1' ],
155 silly audit   esquery: [ '1.6.0' ],
155 silly audit   esrecurse: [ '4.3.0' ],
155 silly audit   estraverse: [ '5.3.0' ],
155 silly audit   esutils: [ '2.0.3' ],
155 silly audit   'fast-deep-equal': [ '3.1.3' ],
155 silly audit   'fast-glob': [ '3.3.2' ],
155 silly audit   'fast-json-stable-stringify': [ '2.1.0' ],
155 silly audit   'fast-levenshtein': [ '2.0.6' ],
155 silly audit   fastq: [ '1.17.1' ],
155 silly audit   'file-entry-cache': [ '6.0.1' ],
155 silly audit   'fill-range': [ '7.1.1' ],
155 silly audit   'find-up': [ '5.0.0' ],
155 silly audit   'flat-cache': [ '3.2.0' ],
155 silly audit   flatted: [ '3.3.1' ],
155 silly audit   'for-each': [ '0.3.3' ],
155 silly audit   'foreground-child': [ '3.3.0' ],
155 silly audit   'fs.realpath': [ '1.0.0' ],
155 silly audit   fsevents: [ '2.3.3' ],
155 silly audit   'function-bind': [ '1.1.2' ],
155 silly audit   'function.prototype.name': [ '1.1.6' ],
155 silly audit   'functions-have-names': [ '1.2.3' ],
155 silly audit   'get-intrinsic': [ '1.2.4' ],
155 silly audit   'get-symbol-description': [ '1.0.2' ],
155 silly audit   'get-tsconfig': [ '4.8.1' ],
155 silly audit   glob: [ '10.3.10', '7.2.3' ],
155 silly audit   globals: [ '13.24.0' ],
155 silly audit   globalthis: [ '1.0.4' ],
155 silly audit   gopd: [ '1.0.1' ],
155 silly audit   'graceful-fs': [ '4.2.11' ],
155 silly audit   graphemer: [ '1.4.0' ],
155 silly audit   'has-bigints': [ '1.0.2' ],
155 silly audit   'has-flag': [ '4.0.0' ],
155 silly audit   'has-property-descriptors': [ '1.0.2' ],
155 silly audit   'has-proto': [ '1.0.3' ],
155 silly audit   'has-symbols': [ '1.0.3' ],
155 silly audit   'has-tostringtag': [ '1.0.2' ],
155 silly audit   hasown: [ '2.0.2' ],
155 silly audit   ignore: [ '5.3.2' ],
155 silly audit   'import-fresh': [ '3.3.0' ],
155 silly audit   imurmurhash: [ '0.1.4' ],
155 silly audit   inflight: [ '1.0.6' ],
155 silly audit   inherits: [ '2.0.4' ],
155 silly audit   'internal-slot': [ '1.0.7' ],
155 silly audit   'is-arguments': [ '1.1.1' ],
155 silly audit   'is-array-buffer': [ '3.0.4' ],
155 silly audit   'is-async-function': [ '2.0.0' ],
155 silly audit   'is-bigint': [ '1.0.4' ],
155 silly audit   'is-binary-path': [ '2.1.0' ],
155 silly audit   'is-boolean-object': [ '1.1.2' ],
155 silly audit   'is-bun-module': [ '1.2.1' ],
155 silly audit   'is-callable': [ '1.2.7' ],
155 silly audit   'is-core-module': [ '2.15.1' ],
155 silly audit   'is-data-view': [ '1.0.1' ],
155 silly audit   'is-date-object': [ '1.0.5' ],
155 silly audit   'is-extglob': [ '2.1.1' ],
155 silly audit   'is-finalizationregistry': [ '1.0.2' ],
155 silly audit   'is-fullwidth-code-point': [ '3.0.0' ],
155 silly audit   'is-generator-function': [ '1.0.10' ],
155 silly audit   'is-glob': [ '4.0.3' ],
155 silly audit   'is-map': [ '2.0.3' ],
155 silly audit   'is-negative-zero': [ '2.0.3' ],
155 silly audit   'is-number': [ '7.0.0' ],
155 silly audit   'is-number-object': [ '1.0.7' ],
155 silly audit   'is-path-inside': [ '3.0.3' ],
155 silly audit   'is-regex': [ '1.1.4' ],
155 silly audit   'is-set': [ '2.0.3' ],
155 silly audit   'is-shared-array-buffer': [ '1.0.3' ],
155 silly audit   'is-string': [ '1.0.7' ],
155 silly audit   'is-symbol': [ '1.0.4' ],
155 silly audit   'is-typed-array': [ '1.1.13' ],
155 silly audit   'is-weakmap': [ '2.0.2' ],
155 silly audit   'is-weakref': [ '1.0.2' ],
155 silly audit   'is-weakset': [ '2.0.3' ],
155 silly audit   isarray: [ '2.0.5' ],
155 silly audit   isexe: [ '2.0.0' ],
155 silly audit   'iterator.prototype': [ '1.1.3' ],
155 silly audit   jackspeak: [ '2.3.6' ],
155 silly audit   jiti: [ '1.21.6' ],
155 silly audit   'js-tokens': [ '4.0.0' ],
155 silly audit   'js-yaml': [ '4.1.0' ],
155 silly audit   'json-buffer': [ '3.0.1' ],
155 silly audit   'json-schema-traverse': [ '0.4.1' ],
155 silly audit   'json-stable-stringify-without-jsonify': [ '1.0.1' ],
155 silly audit   json5: [ '1.0.2' ],
155 silly audit   'jsx-ast-utils': [ '3.3.5' ],
155 silly audit   keyv: [ '4.5.4' ],
155 silly audit   'language-subtag-registry': [ '0.3.23' ],
155 silly audit   'language-tags': [ '1.0.9' ],
155 silly audit   levn: [ '0.4.1' ],
155 silly audit   lilconfig: [ '2.1.0', '3.1.2' ],
155 silly audit   'lines-and-columns': [ '1.2.4' ],
155 silly audit   'locate-path': [ '6.0.0' ],
155 silly audit   'lodash.merge': [ '4.6.2' ],
155 silly audit   'loose-envify': [ '1.4.0' ],
155 silly audit   'lru-cache': [ '10.4.3' ],
155 silly audit   'lucide-react': [ '0.453.0' ],
155 silly audit   merge2: [ '1.4.1' ],
155 silly audit   micromatch: [ '4.0.8' ],
155 silly audit   minimist: [ '1.2.8' ],
155 silly audit   minipass: [ '7.1.2' ],
155 silly audit   ms: [ '2.1.3' ],
155 silly audit   mz: [ '2.7.0' ],
155 silly audit   nanoid: [ '3.3.7' ],
155 silly audit   'natural-compare': [ '1.4.0' ],
155 silly audit   next: [ '14.2.15' ],
155 silly audit   'next-themes': [ '0.3.0' ],
155 silly audit   postcss: [ '8.4.31', '8.4.47' ],
155 silly audit   'normalize-path': [ '3.0.0' ],
155 silly audit   'object-assign': [ '4.1.1' ],
155 silly audit   'object-hash': [ '3.0.0' ],
155 silly audit   'object-inspect': [ '1.13.2' ],
155 silly audit   'object-is': [ '1.1.6' ],
155 silly audit   'object-keys': [ '1.1.1' ],
155 silly audit   'object.assign': [ '4.1.5' ],
155 silly audit   'object.entries': [ '1.1.8' ],
155 silly audit   'object.fromentries': [ '2.0.8' ],
155 silly audit   'object.groupby': [ '1.0.3' ],
155 silly audit   'object.values': [ '1.2.0' ],
155 silly audit   once: [ '1.4.0' ],
155 silly audit   optionator: [ '0.9.4' ],
155 silly audit   'p-limit': [ '3.1.0' ],
155 silly audit   'p-locate': [ '5.0.0' ],
155 silly audit   'parent-module': [ '1.0.1' ],
155 silly audit   'path-exists': [ '4.0.0' ],
155 silly audit   'path-is-absolute': [ '1.0.1' ],
155 silly audit   'path-key': [ '3.1.1' ],
155 silly audit   'path-parse': [ '1.0.7' ],
155 silly audit   'path-scurry': [ '1.11.1' ],
155 silly audit   picocolors: [ '1.1.1' ],
155 silly audit   picomatch: [ '2.3.1' ],
155 silly audit   pify: [ '2.3.0' ],
155 silly audit   pirates: [ '4.0.6' ],
155 silly audit   'possible-typed-array-names': [ '1.0.0' ],
155 silly audit   'postcss-import': [ '15.1.0' ],
155 silly audit   'postcss-js': [ '4.0.1' ],
155 silly audit   'postcss-load-config': [ '4.0.2' ],
155 silly audit   'postcss-nested': [ '6.2.0' ],
155 silly audit   'postcss-selector-parser': [ '6.1.2' ],
155 silly audit   'postcss-value-parser': [ '4.2.0' ],
155 silly audit   'prelude-ls': [ '1.2.1' ],
155 silly audit   'prop-types': [ '15.8.1' ],
155 silly audit   punycode: [ '2.3.1' ],
155 silly audit   'queue-microtask': [ '1.2.3' ],
155 silly audit   react: [ '18.3.1' ],
155 silly audit   'react-dom': [ '18.3.1' ],
155 silly audit   'react-is': [ '16.13.1' ],
155 silly audit   'read-cache': [ '1.0.0' ],
155 silly audit   readdirp: [ '3.6.0' ],
155 silly audit   'reflect.getprototypeof': [ '1.0.6' ],
155 silly audit   'regexp.prototype.flags': [ '1.5.3' ],
155 silly audit   'resolve-from': [ '4.0.0' ],
155 silly audit   'resolve-pkg-maps': [ '1.0.0' ],
155 silly audit   reusify: [ '1.0.4' ],
155 silly audit   rimraf: [ '3.0.2' ],
155 silly audit   'run-parallel': [ '1.2.0' ],
155 silly audit   'safe-array-concat': [ '1.1.2' ],
155 silly audit   'safe-regex-test': [ '1.0.3' ],
155 silly audit   scheduler: [ '0.23.2' ],
155 silly audit   'set-function-length': [ '1.2.2' ],
155 silly audit   'set-function-name': [ '2.0.2' ],
155 silly audit   'shebang-command': [ '2.0.0' ],
155 silly audit   'shebang-regex': [ '3.0.0' ],
155 silly audit   'side-channel': [ '1.0.6' ],
155 silly audit   'signal-exit': [ '4.1.0' ],
155 silly audit   'source-map-js': [ '1.2.1' ],
155 silly audit   'stop-iteration-iterator': [ '1.0.0' ],
155 silly audit   streamsearch: [ '1.1.0' ],
155 silly audit   'string-width': [ '5.1.2', '4.2.3' ],
155 silly audit   'string.prototype.includes': [ '2.0.1' ],
155 silly audit   'string.prototype.matchall': [ '4.0.11' ],
155 silly audit   'string.prototype.repeat': [ '1.0.0' ],
155 silly audit   'string.prototype.trim': [ '1.2.9' ],
155 silly audit   'string.prototype.trimend': [ '1.0.8' ],
155 silly audit   'string.prototype.trimstart': [ '1.0.8' ],
155 silly audit   'strip-bom': [ '3.0.0' ],
155 silly audit   'strip-json-comments': [ '3.1.1' ],
155 silly audit   'styled-jsx': [ '5.1.1' ],
155 silly audit   sucrase: [ '3.35.0' ],
155 silly audit   'supports-color': [ '7.2.0' ],
155 silly audit   'supports-preserve-symlinks-flag': [ '1.0.0' ],
155 silly audit   tabbable: [ '6.2.0' ],
155 silly audit   'tailwind-merge': [ '2.5.4' ],
155 silly audit   tailwindcss: [ '3.4.14' ],
155 silly audit   'tailwindcss-animate': [ '1.0.7' ],
155 silly audit   tapable: [ '2.2.1' ],
155 silly audit   'text-table': [ '0.2.0' ],
155 silly audit   thenify: [ '3.3.1' ],
155 silly audit   'thenify-all': [ '1.6.0' ],
155 silly audit   'to-regex-range': [ '5.0.1' ],
155 silly audit   'ts-api-utils': [ '1.3.0' ],
155 silly audit   'ts-interface-checker': [ '0.1.13' ],
155 silly audit   'tsconfig-paths': [ '3.15.0' ],
155 silly audit   tslib: [ '2.8.0' ],
155 silly audit   'type-check': [ '0.4.0' ],
155 silly audit   'type-fest': [ '0.20.2' ],
155 silly audit   'typed-array-buffer': [ '1.0.2' ],
155 silly audit   'typed-array-byte-length': [ '1.0.1' ],
155 silly audit   'typed-array-byte-offset': [ '1.0.2' ],
155 silly audit   'typed-array-length': [ '1.0.6' ],
155 silly audit   typescript: [ '5.6.3' ],
155 silly audit   'unbox-primitive': [ '1.0.2' ],
155 silly audit   'undici-types': [ '6.19.8' ],
155 silly audit   'uri-js': [ '4.4.1' ],
155 silly audit   'util-deprecate': [ '1.0.2' ],
155 silly audit   which: [ '2.0.2' ],
155 silly audit   'which-boxed-primitive': [ '1.0.2' ],
155 silly audit   'which-builtin-type': [ '1.1.4' ],
155 silly audit   'which-collection': [ '1.0.2' ],
155 silly audit   'which-typed-array': [ '1.1.15' ],
155 silly audit   'word-wrap': [ '1.2.5' ],
155 silly audit   'wrap-ansi': [ '8.1.0', '7.0.0' ],
155 silly audit   wrappy: [ '1.0.2' ],
155 silly audit   yaml: [ '2.6.0' ],
155 silly audit   'yocto-queue': [ '0.1.0' ],
155 silly audit   '@radix-ui/react-slot': [ '1.1.0' ],
155 silly audit   '@radix-ui/react-tabs': [ '1.1.1' ],
155 silly audit   'embla-carousel-react': [ '8.3.1' ],
155 silly audit   'framer-motion': [ '11.11.11' ],
155 silly audit   '@radix-ui/primitive': [ '1.1.0' ],
155 silly audit   '@radix-ui/react-context': [ '1.1.1', '1.1.0' ],
155 silly audit   '@radix-ui/react-direction': [ '1.1.0' ],
155 silly audit   '@radix-ui/react-id': [ '1.1.0' ],
155 silly audit   '@radix-ui/react-presence': [ '1.1.1' ],
155 silly audit   '@radix-ui/react-primitive': [ '2.0.0' ],
155 silly audit   '@radix-ui/react-roving-focus': [ '1.1.0' ],
155 silly audit   '@radix-ui/react-use-controllable-state': [ '1.1.0' ],
155 silly audit   '@radix-ui/react-use-layout-effect': [ '1.1.0' ],
155 silly audit   '@radix-ui/react-collection': [ '1.1.0' ],
155 silly audit   '@radix-ui/react-use-callback-ref': [ '1.1.0' ],
155 silly audit   'embla-carousel': [ '8.3.1' ],
155 silly audit   'embla-carousel-reactive-utils': [ '8.3.1' ]
155 silly audit }
156 verbose reify failed optional dependency E:\Saad Rehman-GitHub\Cyberian-Electronics\node_modules\fsevents
157 silly reify mark deleted [
157 silly reify   'E:\\Saad Rehman-GitHub\\Cyberian-Electronics\\node_modules\\fsevents'
157 silly reify ]
158 verbose reify failed optional dependency E:\Saad Rehman-GitHub\Cyberian-Electronics\node_modules\@next\swc-win32-ia32-msvc
159 silly reify mark deleted [
159 silly reify   'E:\\Saad Rehman-GitHub\\Cyberian-Electronics\\node_modules\\@next\\swc-win32-ia32-msvc'
159 silly reify ]
160 verbose reify failed optional dependency E:\Saad Rehman-GitHub\Cyberian-Electronics\node_modules\@next\swc-win32-arm64-msvc
161 silly reify mark deleted [
161 silly reify   'E:\\Saad Rehman-GitHub\\Cyberian-Electronics\\node_modules\\@next\\swc-win32-arm64-msvc'
161 silly reify ]
162 verbose reify failed optional dependency E:\Saad Rehman-GitHub\Cyberian-Electronics\node_modules\@next\swc-linux-x64-musl
163 silly reify mark deleted [
163 silly reify   'E:\\Saad Rehman-GitHub\\Cyberian-Electronics\\node_modules\\@next\\swc-linux-x64-musl'
163 silly reify ]
164 verbose reify failed optional dependency E:\Saad Rehman-GitHub\Cyberian-Electronics\node_modules\@next\swc-linux-x64-gnu
165 silly reify mark deleted [
165 silly reify   'E:\\Saad Rehman-GitHub\\Cyberian-Electronics\\node_modules\\@next\\swc-linux-x64-gnu'
165 silly reify ]
166 verbose reify failed optional dependency E:\Saad Rehman-GitHub\Cyberian-Electronics\node_modules\@next\swc-linux-arm64-musl
167 silly reify mark deleted [
167 silly reify   'E:\\Saad Rehman-GitHub\\Cyberian-Electronics\\node_modules\\@next\\swc-linux-arm64-musl'
167 silly reify ]
168 verbose reify failed optional dependency E:\Saad Rehman-GitHub\Cyberian-Electronics\node_modules\@next\swc-linux-arm64-gnu
169 silly reify mark deleted [
169 silly reify   'E:\\Saad Rehman-GitHub\\Cyberian-Electronics\\node_modules\\@next\\swc-linux-arm64-gnu'
169 silly reify ]
170 verbose reify failed optional dependency E:\Saad Rehman-GitHub\Cyberian-Electronics\node_modules\@next\swc-darwin-x64
171 silly reify mark deleted [
171 silly reify   'E:\\Saad Rehman-GitHub\\Cyberian-Electronics\\node_modules\\@next\\swc-darwin-x64'
171 silly reify ]
172 verbose reify failed optional dependency E:\Saad Rehman-GitHub\Cyberian-Electronics\node_modules\@next\swc-darwin-arm64
173 silly reify mark deleted [
173 silly reify   'E:\\Saad Rehman-GitHub\\Cyberian-Electronics\\node_modules\\@next\\swc-darwin-arm64'
173 silly reify ]
174 silly tarball no local data for @radix-ui/react-use-callback-ref@https://registry.npmjs.org/@radix-ui/react-use-callback-ref/-/react-use-callback-ref-1.1.0.tgz. Extracting by manifest.
175 silly tarball no local data for @radix-ui/react-use-layout-effect@https://registry.npmjs.org/@radix-ui/react-use-layout-effect/-/react-use-layout-effect-1.1.0.tgz. Extracting by manifest.
176 silly tarball no local data for @radix-ui/react-use-controllable-state@https://registry.npmjs.org/@radix-ui/react-use-controllable-state/-/react-use-controllable-state-1.1.0.tgz. Extracting by manifest.
177 silly tarball no local data for @radix-ui/react-collection@https://registry.npmjs.org/@radix-ui/react-collection/-/react-collection-1.1.0.tgz. Extracting by manifest.
178 silly tarball no local data for @radix-ui/react-roving-focus@https://registry.npmjs.org/@radix-ui/react-roving-focus/-/react-roving-focus-1.1.0.tgz. Extracting by manifest.
179 silly tarball no local data for @radix-ui/react-direction@https://registry.npmjs.org/@radix-ui/react-direction/-/react-direction-1.1.0.tgz. Extracting by manifest.
180 silly tarball no local data for @radix-ui/react-primitive@https://registry.npmjs.org/@radix-ui/react-primitive/-/react-primitive-2.0.0.tgz. Extracting by manifest.
181 silly tarball no local data for @radix-ui/react-presence@https://registry.npmjs.org/@radix-ui/react-presence/-/react-presence-1.1.1.tgz. Extracting by manifest.
182 silly tarball no local data for @radix-ui/react-id@https://registry.npmjs.org/@radix-ui/react-id/-/react-id-1.1.0.tgz. Extracting by manifest.
183 silly tarball no local data for @radix-ui/primitive@https://registry.npmjs.org/@radix-ui/primitive/-/primitive-1.1.0.tgz. Extracting by manifest.
184 silly tarball no local data for @radix-ui/react-context@https://registry.npmjs.org/@radix-ui/react-context/-/react-context-1.1.1.tgz. Extracting by manifest.
185 silly tarball no local data for @radix-ui/react-tabs@https://registry.npmjs.org/@radix-ui/react-tabs/-/react-tabs-1.1.1.tgz. Extracting by manifest.
186 silly tarball no local data for embla-carousel-reactive-utils@https://registry.npmjs.org/embla-carousel-reactive-utils/-/embla-carousel-reactive-utils-8.3.1.tgz. Extracting by manifest.
187 silly tarball no local data for framer-motion@https://registry.npmjs.org/framer-motion/-/framer-motion-11.11.11.tgz. Extracting by manifest.
188 silly tarball no local data for @radix-ui/react-context@https://registry.npmjs.org/@radix-ui/react-context/-/react-context-1.1.0.tgz. Extracting by manifest.
189 silly tarball no local data for embla-carousel@https://registry.npmjs.org/embla-carousel/-/embla-carousel-8.3.1.tgz. Extracting by manifest.
190 silly tarball no local data for @radix-ui/react-context@https://registry.npmjs.org/@radix-ui/react-context/-/react-context-1.1.0.tgz. Extracting by manifest.
191 silly tarball no local data for embla-carousel-react@https://registry.npmjs.org/embla-carousel-react/-/embla-carousel-react-8.3.1.tgz. Extracting by manifest.
192 http fetch GET 200 https://registry.npmjs.org/@radix-ui/react-use-controllable-state/-/react-use-controllable-state-1.1.0.tgz 211ms (cache miss)
193 http fetch GET 200 https://registry.npmjs.org/@radix-ui/react-collection/-/react-collection-1.1.0.tgz 212ms (cache miss)
194 http fetch POST 200 https://registry.npmjs.org/-/npm/v1/security/advisories/bulk 308ms
195 silly audit report {}
196 http fetch GET 200 https://registry.npmjs.org/@radix-ui/react-context/-/react-context-1.1.0.tgz 368ms (cache miss)
197 http fetch GET 200 https://registry.npmjs.org/@radix-ui/react-direction/-/react-direction-1.1.0.tgz 387ms (cache miss)
198 http fetch GET 200 https://registry.npmjs.org/@radix-ui/react-use-layout-effect/-/react-use-layout-effect-1.1.0.tgz 401ms (cache miss)
199 http fetch GET 200 https://registry.npmjs.org/@radix-ui/react-roving-focus/-/react-roving-focus-1.1.0.tgz 409ms (cache miss)
200 http fetch GET 200 https://registry.npmjs.org/embla-carousel-react/-/embla-carousel-react-8.3.1.tgz 494ms (cache miss)
201 http fetch GET 200 https://registry.npmjs.org/@radix-ui/primitive/-/primitive-1.1.0.tgz 500ms (cache miss)
202 http fetch GET 200 https://registry.npmjs.org/embla-carousel/-/embla-carousel-8.3.1.tgz 531ms (cache miss)
203 http fetch GET 200 https://registry.npmjs.org/embla-carousel-reactive-utils/-/embla-carousel-reactive-utils-8.3.1.tgz 593ms (cache miss)
204 http fetch GET 200 https://registry.npmjs.org/@radix-ui/react-context/-/react-context-1.1.0.tgz 628ms (cache miss)
205 http fetch GET 200 https://registry.npmjs.org/@radix-ui/react-use-callback-ref/-/react-use-callback-ref-1.1.0.tgz 701ms (cache miss)
206 http fetch GET 200 https://registry.npmjs.org/@radix-ui/react-id/-/react-id-1.1.0.tgz 731ms (cache miss)
207 http fetch GET 200 https://registry.npmjs.org/@radix-ui/react-context/-/react-context-1.1.1.tgz 758ms (cache miss)
208 http fetch GET 200 https://registry.npmjs.org/@radix-ui/react-presence/-/react-presence-1.1.1.tgz 812ms (cache miss)
209 http fetch GET 200 https://registry.npmjs.org/framer-motion/-/framer-motion-11.11.11.tgz 1253ms (cache miss)
210 http fetch GET 200 https://registry.npmjs.org/@radix-ui/react-primitive/-/react-primitive-2.0.0.tgz 1435ms (cache miss)
211 http fetch GET 200 https://registry.npmjs.org/@radix-ui/react-tabs/-/react-tabs-1.1.1.tgz 1450ms (cache miss)
212 silly ADD node_modules/@radix-ui/react-use-callback-ref
213 silly ADD node_modules/@radix-ui/react-collection
214 silly ADD node_modules/@radix-ui/react-collection/node_modules/@radix-ui/react-context
215 silly ADD node_modules/@radix-ui/react-use-layout-effect
216 silly ADD node_modules/@radix-ui/react-use-controllable-state
217 silly ADD node_modules/@radix-ui/react-roving-focus
218 silly ADD node_modules/@radix-ui/react-roving-focus/node_modules/@radix-ui/react-context
219 silly ADD node_modules/@radix-ui/react-primitive
220 silly ADD node_modules/@radix-ui/react-presence
221 silly ADD node_modules/@radix-ui/react-id
222 silly ADD node_modules/@radix-ui/react-direction
223 silly ADD node_modules/@radix-ui/react-context
224 silly ADD node_modules/@radix-ui/primitive
225 silly ADD node_modules/@radix-ui/react-tabs
226 silly ADD
227 silly ADD
228 silly ADD
229 silly ADD
230 silly ADD
231 silly ADD
232 silly ADD
233 silly ADD
234 silly ADD
235 silly CHANGE node_modules/framer-motion
236 silly CHANGE node_modules/embla-carousel-reactive-utils
237 silly CHANGE node_modules/embla-carousel-react
238 silly CHANGE node_modules/embla-carousel
239 verbose cwd E:\Saad Rehman-GitHub\Cyberian-Electronics
240 verbose os Windows_NT 10.0.22631
241 verbose node v22.3.0
242 verbose npm  v10.8.1
243 verbose exit 0
244 info ok
