0 verbose cli C:\Program Files\nodejs\node.exe C:\Program Files\nodejs\node_modules\npm\bin\npm-cli.js
1 info using npm@10.8.1
2 info using node@v22.3.0
3 silly config load:file:C:\Program Files\nodejs\node_modules\npm\npmrc
4 silly config load:file:E:\Saad Rehman-GitHub\Cyberian-Electronics\.npmrc
5 silly config load:file:C:\Users\saadr\.npmrc
6 silly config load:file:C:\Users\saadr\AppData\Roaming\npm\etc\npmrc
7 verbose title npm install @typescript-eslint/parser @typescript-eslint/eslint-plugin eslint-config-next
8 verbose argv "install" "--save-dev" "@typescript-eslint/parser" "@typescript-eslint/eslint-plugin" "eslint-config-next"
9 verbose logfile logs-max:10 dir:E:\Saad Rehman-GitHub\Cyberian-Electronics\%APPDATA%\npm-cache\_logs\2024-11-10T17_19_18_257Z-
10 verbose logfile E:\Saad Rehman-GitHub\Cyberian-Electronics\%APPDATA%\npm-cache\_logs\2024-11-10T17_19_18_257Z-debug-0.log
11 silly packumentCache heap:4345298944 maxSize:1086324736 maxEntrySize:543162368
12 silly logfile start cleaning logs, removing 1 files
13 silly logfile done cleaning log files
14 silly idealTree buildDeps
15 silly fetch manifest @typescript-eslint/eslint-plugin@^8.13.0
16 silly packumentCache full:https://registry.npmjs.org/@typescript-eslint%2feslint-plugin cache-miss
17 http fetch GET 200 https://registry.npmjs.org/@typescript-eslint%2feslint-plugin 157ms (cache hit)
18 silly packumentCache full:https://registry.npmjs.org/@typescript-eslint%2feslint-plugin set size:14961498 disposed:false
19 silly fetch manifest @typescript-eslint/parser@^8.13.0
20 silly packumentCache full:https://registry.npmjs.org/@typescript-eslint%2fparser cache-miss
21 http fetch GET 200 https://registry.npmjs.org/@typescript-eslint%2fparser 30ms (cache hit)
22 silly packumentCache full:https://registry.npmjs.org/@typescript-eslint%2fparser set size:13021148 disposed:false
23 silly fetch manifest eslint@^8
24 silly packumentCache full:https://registry.npmjs.org/eslint cache-miss
25 http fetch GET 200 https://registry.npmjs.org/eslint 10ms (cache hit)
26 silly packumentCache full:https://registry.npmjs.org/eslint set size:1673208 disposed:false
27 silly fetch manifest eslint-config-next@14.2.15
28 silly packumentCache full:https://registry.npmjs.org/eslint-config-next cache-miss
29 http fetch GET 200 https://registry.npmjs.org/eslint-config-next 1134ms (cache miss)
30 silly packumentCache full:https://registry.npmjs.org/eslint-config-next set size:undefined disposed:false
31 silly fetch manifest typescript@^5
32 silly packumentCache full:https://registry.npmjs.org/typescript cache-miss
33 http fetch GET 200 https://registry.npmjs.org/typescript 501ms (cache updated)
34 silly packumentCache full:https://registry.npmjs.org/typescript set size:undefined disposed:false
35 silly placeDep ROOT @typescript-eslint/eslint-plugin@8.13.0 REPLACE for: cyberian-electronics@0.1.0 want: ^8.13.0
36 silly placeDep ROOT @typescript-eslint/parser@8.13.0 REPLACE for: cyberian-electronics@0.1.0 want: ^8.13.0
37 silly placeDep ROOT eslint-config-next@14.2.15 REPLACE for: cyberian-electronics@0.1.0 want: 14.2.15
38 silly reify moves {}
39 silly audit bulk request {
39 silly audit   '@alloc/quick-lru': [ '5.2.0' ],
39 silly audit   '@eslint-community/eslint-utils': [ '4.4.0' ],
39 silly audit   '@eslint-community/regexpp': [ '4.11.1' ],
39 silly audit   '@eslint/eslintrc': [ '2.1.4' ],
39 silly audit   '@eslint/js': [ '8.57.1' ],
39 silly audit   '@floating-ui/core': [ '1.6.8' ],
39 silly audit   '@floating-ui/dom': [ '1.6.11' ],
39 silly audit   '@floating-ui/react': [ '0.26.25' ],
39 silly audit   '@floating-ui/react-dom': [ '2.1.2' ],
39 silly audit   '@floating-ui/utils': [ '0.2.8' ],
39 silly audit   '@headlessui/react': [ '2.1.10' ],
39 silly audit   '@heroicons/react': [ '2.1.5' ],
39 silly audit   '@humanwhocodes/config-array': [ '0.13.0' ],
39 silly audit   '@humanwhocodes/module-importer': [ '1.0.1' ],
39 silly audit   '@humanwhocodes/object-schema': [ '2.0.3' ],
39 silly audit   '@isaacs/cliui': [ '8.0.2' ],
39 silly audit   'ansi-regex': [ '6.1.0', '5.0.1' ],
39 silly audit   'strip-ansi': [ '7.1.0', '6.0.1' ],
39 silly audit   '@jridgewell/gen-mapping': [ '0.3.5' ],
39 silly audit   '@jridgewell/resolve-uri': [ '3.1.2' ],
39 silly audit   '@jridgewell/set-array': [ '1.2.1' ],
39 silly audit   '@jridgewell/sourcemap-codec': [ '1.5.0' ],
39 silly audit   '@jridgewell/trace-mapping': [ '0.3.25' ],
39 silly audit   '@next/env': [ '14.2.15' ],
39 silly audit   '@next/eslint-plugin-next': [ '14.2.15' ],
39 silly audit   '@next/swc-darwin-arm64': [ '14.2.15' ],
39 silly audit   '@next/swc-darwin-x64': [ '14.2.15' ],
39 silly audit   '@next/swc-linux-arm64-gnu': [ '14.2.15' ],
39 silly audit   '@next/swc-linux-arm64-musl': [ '14.2.15' ],
39 silly audit   '@next/swc-linux-x64-gnu': [ '14.2.15' ],
39 silly audit   '@next/swc-linux-x64-musl': [ '14.2.15' ],
39 silly audit   '@next/swc-win32-arm64-msvc': [ '14.2.15' ],
39 silly audit   '@next/swc-win32-ia32-msvc': [ '14.2.15' ],
39 silly audit   '@next/swc-win32-x64-msvc': [ '14.2.15' ],
39 silly audit   '@nodelib/fs.scandir': [ '2.1.5' ],
39 silly audit   '@nodelib/fs.stat': [ '2.0.5' ],
39 silly audit   '@nodelib/fs.walk': [ '1.2.8' ],
39 silly audit   '@nolyfill/is-core-module': [ '1.0.39' ],
39 silly audit   '@pkgjs/parseargs': [ '0.11.0' ],
39 silly audit   '@radix-ui/number': [ '1.1.0' ],
39 silly audit   '@radix-ui/primitive': [ '1.1.0' ],
39 silly audit   '@radix-ui/react-arrow': [ '1.1.0' ],
39 silly audit   '@radix-ui/react-collection': [ '1.1.0' ],
39 silly audit   '@radix-ui/react-context': [ '1.1.0', '1.1.1' ],
39 silly audit   '@radix-ui/react-compose-refs': [ '1.1.0' ],
39 silly audit   '@radix-ui/react-direction': [ '1.1.0' ],
39 silly audit   '@radix-ui/react-dismissable-layer': [ '1.1.1' ],
39 silly audit   '@radix-ui/react-focus-guards': [ '1.1.1' ],
39 silly audit   '@radix-ui/react-focus-scope': [ '1.1.0' ],
39 silly audit   '@radix-ui/react-id': [ '1.1.0' ],
39 silly audit   '@radix-ui/react-label': [ '2.1.0' ],
39 silly audit   '@radix-ui/react-popper': [ '1.2.0' ],
39 silly audit   '@radix-ui/react-portal': [ '1.1.2' ],
39 silly audit   '@radix-ui/react-presence': [ '1.1.1' ],
39 silly audit   '@radix-ui/react-primitive': [ '2.0.0' ],
39 silly audit   '@radix-ui/react-roving-focus': [ '1.1.0' ],
39 silly audit   '@radix-ui/react-select': [ '2.1.2' ],
39 silly audit   '@radix-ui/react-slot': [ '1.1.0' ],
39 silly audit   '@radix-ui/react-tabs': [ '1.1.1' ],
39 silly audit   '@radix-ui/react-use-callback-ref': [ '1.1.0' ],
39 silly audit   '@radix-ui/react-use-controllable-state': [ '1.1.0' ],
39 silly audit   '@radix-ui/react-use-escape-keydown': [ '1.1.0' ],
39 silly audit   '@radix-ui/react-use-layout-effect': [ '1.1.0' ],
39 silly audit   '@radix-ui/react-use-previous': [ '1.1.0' ],
39 silly audit   '@radix-ui/react-use-rect': [ '1.1.0' ],
39 silly audit   '@radix-ui/react-use-size': [ '1.1.0' ],
39 silly audit   '@radix-ui/react-visually-hidden': [ '1.1.0' ],
39 silly audit   '@radix-ui/rect': [ '1.1.0' ],
39 silly audit   '@react-aria/focus': [ '3.18.4' ],
39 silly audit   '@react-aria/interactions': [ '3.22.4' ],
39 silly audit   '@react-aria/ssr': [ '3.9.6' ],
39 silly audit   '@react-aria/utils': [ '3.25.3' ],
39 silly audit   '@react-stately/utils': [ '3.10.4' ],
39 silly audit   '@react-types/shared': [ '3.25.0' ],
39 silly audit   '@rtsao/scc': [ '1.1.0' ],
39 silly audit   '@rushstack/eslint-patch': [ '1.10.4' ],
39 silly audit   '@swc/counter': [ '0.1.3' ],
39 silly audit   '@swc/helpers': [ '0.5.5' ],
39 silly audit   '@tanstack/react-virtual': [ '3.10.8' ],
39 silly audit   '@tanstack/virtual-core': [ '3.10.8' ],
39 silly audit   '@types/json5': [ '0.0.29' ],
39 silly audit   '@types/node': [ '20.16.13' ],
39 silly audit   '@types/prop-types': [ '15.7.13' ],
39 silly audit   '@types/react': [ '18.3.11' ],
39 silly audit   '@types/react-dom': [ '18.3.1' ],
39 silly audit   '@typescript-eslint/scope-manager': [ '8.13.0' ],
39 silly audit   '@typescript-eslint/type-utils': [ '8.13.0' ],
39 silly audit   '@typescript-eslint/types': [ '8.13.0' ],
39 silly audit   '@typescript-eslint/typescript-estree': [ '8.13.0' ],
39 silly audit   'brace-expansion': [ '2.0.1', '1.1.11' ],
39 silly audit   minimatch: [ '9.0.5', '3.1.2' ],
39 silly audit   '@typescript-eslint/utils': [ '8.13.0' ],
39 silly audit   '@typescript-eslint/visitor-keys': [ '8.13.0' ],
39 silly audit   '@ungap/structured-clone': [ '1.2.0' ],
39 silly audit   acorn: [ '8.13.0' ],
39 silly audit   'acorn-jsx': [ '5.3.2' ],
39 silly audit   ajv: [ '6.12.6' ],
39 silly audit   'ansi-styles': [ '4.3.0', '6.2.1' ],
39 silly audit   'any-promise': [ '1.3.0' ],
39 silly audit   anymatch: [ '3.1.3' ],
39 silly audit   arg: [ '5.0.2' ],
39 silly audit   argparse: [ '2.0.1' ],
39 silly audit   'aria-hidden': [ '1.2.4' ],
39 silly audit   'aria-query': [ '5.1.3' ],
39 silly audit   'array-buffer-byte-length': [ '1.0.1' ],
39 silly audit   'array-includes': [ '3.1.8' ],
39 silly audit   'array.prototype.findlast': [ '1.2.5' ],
39 silly audit   'array.prototype.findlastindex': [ '1.2.5' ],
39 silly audit   'array.prototype.flat': [ '1.3.2' ],
39 silly audit   'array.prototype.flatmap': [ '1.3.2' ],
39 silly audit   'array.prototype.tosorted': [ '1.1.4' ],
39 silly audit   'arraybuffer.prototype.slice': [ '1.0.3' ],
39 silly audit   'ast-types-flow': [ '0.0.8' ],
39 silly audit   'available-typed-arrays': [ '1.0.7' ],
39 silly audit   'axe-core': [ '4.10.1' ],
39 silly audit   'axobject-query': [ '4.1.0' ],
39 silly audit   'balanced-match': [ '1.0.2' ],
39 silly audit   'binary-extensions': [ '2.3.0' ],
39 silly audit   braces: [ '3.0.3' ],
39 silly audit   busboy: [ '1.6.0' ],
39 silly audit   'call-bind': [ '1.0.7' ],
39 silly audit   callsites: [ '3.1.0' ],
39 silly audit   'camelcase-css': [ '2.0.1' ],
39 silly audit   'caniuse-lite': [ '1.0.30001669' ],
39 silly audit   chalk: [ '4.1.2' ],
39 silly audit   chokidar: [ '3.6.0' ],
39 silly audit   'glob-parent': [ '5.1.2', '6.0.2' ],
39 silly audit   'class-variance-authority': [ '0.7.0' ],
39 silly audit   clsx: [ '2.0.0', '2.1.1' ],
39 silly audit   'client-only': [ '0.0.1' ],
39 silly audit   'color-convert': [ '2.0.1' ],
39 silly audit   'color-name': [ '1.1.4' ],
39 silly audit   commander: [ '4.1.1' ],
39 silly audit   'concat-map': [ '0.0.1' ],
39 silly audit   'cross-spawn': [ '7.0.3' ],
39 silly audit   cssesc: [ '3.0.0' ],
39 silly audit   csstype: [ '3.1.3' ],
39 silly audit   'damerau-levenshtein': [ '1.0.8' ],
39 silly audit   'data-view-buffer': [ '1.0.1' ],
39 silly audit   'data-view-byte-length': [ '1.0.1' ],
39 silly audit   'data-view-byte-offset': [ '1.0.0' ],
39 silly audit   debug: [ '4.3.7', '3.2.7' ],
39 silly audit   'deep-equal': [ '2.2.3' ],
39 silly audit   'deep-is': [ '0.1.4' ],
39 silly audit   'define-data-property': [ '1.1.4' ],
39 silly audit   'define-properties': [ '1.2.1' ],
39 silly audit   'detect-node-es': [ '1.1.0' ],
39 silly audit   didyoumean: [ '1.2.2' ],
39 silly audit   dlv: [ '1.1.3' ],
39 silly audit   doctrine: [ '3.0.0', '2.1.0' ],
39 silly audit   eastasianwidth: [ '0.2.0' ],
39 silly audit   'embla-carousel': [ '8.3.1' ],
39 silly audit   'embla-carousel-react': [ '8.3.1' ],
39 silly audit   'embla-carousel-reactive-utils': [ '8.3.1' ],
39 silly audit   'emoji-regex': [ '9.2.2', '8.0.0' ],
39 silly audit   'enhanced-resolve': [ '5.17.1' ],
39 silly audit   'es-abstract': [ '1.23.3' ],
39 silly audit   'es-define-property': [ '1.0.0' ],
39 silly audit   'es-errors': [ '1.3.0' ],
39 silly audit   'es-get-iterator': [ '1.1.3' ],
39 silly audit   'es-iterator-helpers': [ '1.1.0' ],
39 silly audit   'es-object-atoms': [ '1.0.0' ],
39 silly audit   'es-set-tostringtag': [ '2.0.3' ],
39 silly audit   'es-shim-unscopables': [ '1.0.2' ],
39 silly audit   'es-to-primitive': [ '1.2.1' ],
39 silly audit   'escape-string-regexp': [ '4.0.0' ],
39 silly audit   eslint: [ '8.57.1' ],
39 silly audit   'eslint-import-resolver-node': [ '0.3.9' ],
39 silly audit   'eslint-import-resolver-typescript': [ '3.6.3' ],
39 silly audit   'eslint-module-utils': [ '2.12.0' ],
39 silly audit   'eslint-plugin-import': [ '2.31.0' ],
39 silly audit   semver: [ '6.3.1', '7.6.3' ],
39 silly audit   'eslint-plugin-jsx-a11y': [ '6.10.0' ],
39 silly audit   'eslint-plugin-react': [ '7.37.1' ],
39 silly audit   'eslint-plugin-react-hooks': [ '5.0.0-canary-7118f5dd7-20230705' ],
39 silly audit   resolve: [ '2.0.0-next.5', '1.22.8' ],
39 silly audit   'eslint-scope': [ '7.2.2' ],
39 silly audit   'eslint-visitor-keys': [ '3.4.3' ],
39 silly audit   espree: [ '9.6.1' ],
39 silly audit   esquery: [ '1.6.0' ],
39 silly audit   esrecurse: [ '4.3.0' ],
39 silly audit   estraverse: [ '5.3.0' ],
39 silly audit   esutils: [ '2.0.3' ],
39 silly audit   'fast-deep-equal': [ '3.1.3' ],
39 silly audit   'fast-glob': [ '3.3.2' ],
39 silly audit   'fast-json-stable-stringify': [ '2.1.0' ],
39 silly audit   'fast-levenshtein': [ '2.0.6' ],
39 silly audit   fastq: [ '1.17.1' ],
39 silly audit   'file-entry-cache': [ '6.0.1' ],
39 silly audit   'fill-range': [ '7.1.1' ],
39 silly audit   'find-up': [ '5.0.0' ],
39 silly audit   'flat-cache': [ '3.2.0' ],
39 silly audit   flatted: [ '3.3.1' ],
39 silly audit   'for-each': [ '0.3.3' ],
39 silly audit   'foreground-child': [ '3.3.0' ],
39 silly audit   'framer-motion': [ '11.11.11' ],
39 silly audit   'fs.realpath': [ '1.0.0' ],
39 silly audit   fsevents: [ '2.3.3' ],
39 silly audit   'function-bind': [ '1.1.2' ],
39 silly audit   'function.prototype.name': [ '1.1.6' ],
39 silly audit   'functions-have-names': [ '1.2.3' ],
39 silly audit   'get-intrinsic': [ '1.2.4' ],
39 silly audit   'get-nonce': [ '1.0.1' ],
39 silly audit   'get-symbol-description': [ '1.0.2' ],
39 silly audit   'get-tsconfig': [ '4.8.1' ],
39 silly audit   glob: [ '10.3.10', '7.2.3' ],
39 silly audit   globals: [ '13.24.0' ],
39 silly audit   globalthis: [ '1.0.4' ],
39 silly audit   gopd: [ '1.0.1' ],
39 silly audit   'graceful-fs': [ '4.2.11' ],
39 silly audit   graphemer: [ '1.4.0' ],
39 silly audit   'has-bigints': [ '1.0.2' ],
39 silly audit   'has-flag': [ '4.0.0' ],
39 silly audit   'has-property-descriptors': [ '1.0.2' ],
39 silly audit   'has-proto': [ '1.0.3' ],
39 silly audit   'has-symbols': [ '1.0.3' ],
39 silly audit   'has-tostringtag': [ '1.0.2' ],
39 silly audit   hasown: [ '2.0.2' ],
39 silly audit   ignore: [ '5.3.2' ],
39 silly audit   'import-fresh': [ '3.3.0' ],
39 silly audit   imurmurhash: [ '0.1.4' ],
39 silly audit   inflight: [ '1.0.6' ],
39 silly audit   inherits: [ '2.0.4' ],
39 silly audit   'internal-slot': [ '1.0.7' ],
39 silly audit   invariant: [ '2.2.4' ],
39 silly audit   'is-arguments': [ '1.1.1' ],
39 silly audit   'is-array-buffer': [ '3.0.4' ],
39 silly audit   'is-async-function': [ '2.0.0' ],
39 silly audit   'is-bigint': [ '1.0.4' ],
39 silly audit   'is-binary-path': [ '2.1.0' ],
39 silly audit   'is-boolean-object': [ '1.1.2' ],
39 silly audit   'is-bun-module': [ '1.2.1' ],
39 silly audit   'is-callable': [ '1.2.7' ],
39 silly audit   'is-core-module': [ '2.15.1' ],
39 silly audit   'is-data-view': [ '1.0.1' ],
39 silly audit   'is-date-object': [ '1.0.5' ],
39 silly audit   'is-extglob': [ '2.1.1' ],
39 silly audit   'is-finalizationregistry': [ '1.0.2' ],
39 silly audit   'is-fullwidth-code-point': [ '3.0.0' ],
39 silly audit   'is-generator-function': [ '1.0.10' ],
39 silly audit   'is-glob': [ '4.0.3' ],
39 silly audit   'is-map': [ '2.0.3' ],
39 silly audit   'is-negative-zero': [ '2.0.3' ],
39 silly audit   'is-number': [ '7.0.0' ],
39 silly audit   'is-number-object': [ '1.0.7' ],
39 silly audit   'is-path-inside': [ '3.0.3' ],
39 silly audit   'is-regex': [ '1.1.4' ],
39 silly audit   'is-set': [ '2.0.3' ],
39 silly audit   'is-shared-array-buffer': [ '1.0.3' ],
39 silly audit   'is-string': [ '1.0.7' ],
39 silly audit   'is-symbol': [ '1.0.4' ],
39 silly audit   'is-typed-array': [ '1.1.13' ],
39 silly audit   'is-weakmap': [ '2.0.2' ],
39 silly audit   'is-weakref': [ '1.0.2' ],
39 silly audit   'is-weakset': [ '2.0.3' ],
39 silly audit   isarray: [ '2.0.5' ],
39 silly audit   isexe: [ '2.0.0' ],
39 silly audit   'iterator.prototype': [ '1.1.3' ],
39 silly audit   jackspeak: [ '2.3.6' ],
39 silly audit   jiti: [ '1.21.6' ],
39 silly audit   'js-tokens': [ '4.0.0' ],
39 silly audit   'js-yaml': [ '4.1.0' ],
39 silly audit   'json-buffer': [ '3.0.1' ],
39 silly audit   'json-schema-traverse': [ '0.4.1' ],
39 silly audit   'json-stable-stringify-without-jsonify': [ '1.0.1' ],
39 silly audit   json5: [ '1.0.2' ],
39 silly audit   'jsx-ast-utils': [ '3.3.5' ],
39 silly audit   keyv: [ '4.5.4' ],
39 silly audit   'language-subtag-registry': [ '0.3.23' ],
39 silly audit   'language-tags': [ '1.0.9' ],
39 silly audit   levn: [ '0.4.1' ],
39 silly audit   lilconfig: [ '2.1.0', '3.1.2' ],
39 silly audit   'lines-and-columns': [ '1.2.4' ],
39 silly audit   'locate-path': [ '6.0.0' ],
39 silly audit   'lodash.merge': [ '4.6.2' ],
39 silly audit   'loose-envify': [ '1.4.0' ],
39 silly audit   'lru-cache': [ '10.4.3' ],
39 silly audit   'lucide-react': [ '0.453.0' ],
39 silly audit   merge2: [ '1.4.1' ],
39 silly audit   micromatch: [ '4.0.8' ],
39 silly audit   minimist: [ '1.2.8' ],
39 silly audit   minipass: [ '7.1.2' ],
39 silly audit   ms: [ '2.1.3' ],
39 silly audit   mz: [ '2.7.0' ],
39 silly audit   nanoid: [ '3.3.7' ],
39 silly audit   'natural-compare': [ '1.4.0' ],
39 silly audit   next: [ '14.2.15' ],
39 silly audit   'next-themes': [ '0.3.0' ],
39 silly audit   postcss: [ '8.4.31', '8.4.47' ],
39 silly audit   'normalize-path': [ '3.0.0' ],
39 silly audit   'object-assign': [ '4.1.1' ],
39 silly audit   'object-hash': [ '3.0.0' ],
39 silly audit   'object-inspect': [ '1.13.2' ],
39 silly audit   'object-is': [ '1.1.6' ],
39 silly audit   'object-keys': [ '1.1.1' ],
39 silly audit   'object.assign': [ '4.1.5' ],
39 silly audit   'object.entries': [ '1.1.8' ],
39 silly audit   'object.fromentries': [ '2.0.8' ],
39 silly audit   'object.groupby': [ '1.0.3' ],
39 silly audit   'object.values': [ '1.2.0' ],
39 silly audit   once: [ '1.4.0' ],
39 silly audit   optionator: [ '0.9.4' ],
39 silly audit   'p-limit': [ '3.1.0' ],
39 silly audit   'p-locate': [ '5.0.0' ],
39 silly audit   'parent-module': [ '1.0.1' ],
39 silly audit   'path-exists': [ '4.0.0' ],
39 silly audit   'path-is-absolute': [ '1.0.1' ],
39 silly audit   'path-key': [ '3.1.1' ],
39 silly audit   'path-parse': [ '1.0.7' ],
39 silly audit   'path-scurry': [ '1.11.1' ],
39 silly audit   picocolors: [ '1.1.1' ],
39 silly audit   picomatch: [ '2.3.1' ],
39 silly audit   pify: [ '2.3.0' ],
39 silly audit   pirates: [ '4.0.6' ],
39 silly audit   'possible-typed-array-names': [ '1.0.0' ],
39 silly audit   'postcss-import': [ '15.1.0' ],
39 silly audit   'postcss-js': [ '4.0.1' ],
39 silly audit   'postcss-load-config': [ '4.0.2' ],
39 silly audit   'postcss-nested': [ '6.2.0' ],
39 silly audit   'postcss-selector-parser': [ '6.1.2' ],
39 silly audit   'postcss-value-parser': [ '4.2.0' ],
39 silly audit   'prelude-ls': [ '1.2.1' ],
39 silly audit   'prop-types': [ '15.8.1' ],
39 silly audit   punycode: [ '2.3.1' ],
39 silly audit   'queue-microtask': [ '1.2.3' ],
39 silly audit   react: [ '18.3.1' ],
39 silly audit   'react-dom': [ '18.3.1' ],
39 silly audit   'react-is': [ '16.13.1' ],
39 silly audit   'react-remove-scroll': [ '2.6.0' ],
39 silly audit   'react-remove-scroll-bar': [ '2.3.6' ],
39 silly audit   'react-style-singleton': [ '2.2.1' ],
39 silly audit   'read-cache': [ '1.0.0' ],
39 silly audit   readdirp: [ '3.6.0' ],
39 silly audit   'reflect.getprototypeof': [ '1.0.6' ],
39 silly audit   'regexp.prototype.flags': [ '1.5.3' ],
39 silly audit   'resolve-from': [ '4.0.0' ],
39 silly audit   'resolve-pkg-maps': [ '1.0.0' ],
39 silly audit   reusify: [ '1.0.4' ],
39 silly audit   rimraf: [ '3.0.2' ],
39 silly audit   'run-parallel': [ '1.2.0' ],
39 silly audit   'safe-array-concat': [ '1.1.2' ],
39 silly audit   'safe-regex-test': [ '1.0.3' ],
39 silly audit   scheduler: [ '0.23.2' ],
39 silly audit   'set-function-length': [ '1.2.2' ],
39 silly audit   'set-function-name': [ '2.0.2' ],
39 silly audit   'shebang-command': [ '2.0.0' ],
39 silly audit   'shebang-regex': [ '3.0.0' ],
39 silly audit   'side-channel': [ '1.0.6' ],
39 silly audit   'signal-exit': [ '4.1.0' ],
39 silly audit   'source-map-js': [ '1.2.1' ],
39 silly audit   'stop-iteration-iterator': [ '1.0.0' ],
39 silly audit   streamsearch: [ '1.1.0' ],
39 silly audit   'string-width': [ '5.1.2', '4.2.3' ],
39 silly audit   'string.prototype.includes': [ '2.0.1' ],
39 silly audit   'string.prototype.matchall': [ '4.0.11' ],
39 silly audit   'string.prototype.repeat': [ '1.0.0' ],
39 silly audit   'string.prototype.trim': [ '1.2.9' ],
39 silly audit   'string.prototype.trimend': [ '1.0.8' ],
39 silly audit   'string.prototype.trimstart': [ '1.0.8' ],
39 silly audit   'strip-bom': [ '3.0.0' ],
39 silly audit   'strip-json-comments': [ '3.1.1' ],
39 silly audit   'styled-jsx': [ '5.1.1' ],
39 silly audit   sucrase: [ '3.35.0' ],
39 silly audit   'supports-color': [ '7.2.0' ],
39 silly audit   'supports-preserve-symlinks-flag': [ '1.0.0' ],
39 silly audit   tabbable: [ '6.2.0' ],
39 silly audit   'tailwind-merge': [ '2.5.4' ],
39 silly audit   tailwindcss: [ '3.4.14' ],
39 silly audit   'tailwindcss-animate': [ '1.0.7' ],
39 silly audit   tapable: [ '2.2.1' ],
39 silly audit   'text-table': [ '0.2.0' ],
39 silly audit   thenify: [ '3.3.1' ],
39 silly audit   'thenify-all': [ '1.6.0' ],
39 silly audit   'to-regex-range': [ '5.0.1' ],
39 silly audit   'ts-api-utils': [ '1.3.0' ],
39 silly audit   'ts-interface-checker': [ '0.1.13' ],
39 silly audit   'tsconfig-paths': [ '3.15.0' ],
39 silly audit   tslib: [ '2.8.0' ],
39 silly audit   'type-check': [ '0.4.0' ],
39 silly audit   'type-fest': [ '0.20.2' ],
39 silly audit   'typed-array-buffer': [ '1.0.2' ],
39 silly audit   'typed-array-byte-length': [ '1.0.1' ],
39 silly audit   'typed-array-byte-offset': [ '1.0.2' ],
39 silly audit   'typed-array-length': [ '1.0.6' ],
39 silly audit   typescript: [ '5.6.3' ],
39 silly audit   'unbox-primitive': [ '1.0.2' ],
39 silly audit   'undici-types': [ '6.19.8' ],
39 silly audit   'uri-js': [ '4.4.1' ],
39 silly audit   'use-callback-ref': [ '1.3.2' ],
39 silly audit   'use-sidecar': [ '1.1.2' ],
39 silly audit   'util-deprecate': [ '1.0.2' ],
39 silly audit   which: [ '2.0.2' ],
39 silly audit   'which-boxed-primitive': [ '1.0.2' ],
39 silly audit   'which-builtin-type': [ '1.1.4' ],
39 silly audit   'which-collection': [ '1.0.2' ],
39 silly audit   'which-typed-array': [ '1.1.15' ],
39 silly audit   'word-wrap': [ '1.2.5' ],
39 silly audit   'wrap-ansi': [ '8.1.0', '7.0.0' ],
39 silly audit   wrappy: [ '1.0.2' ],
39 silly audit   yaml: [ '2.6.0' ],
39 silly audit   'yocto-queue': [ '0.1.0' ],
39 silly audit   '@typescript-eslint/eslint-plugin': [ '8.13.0' ],
39 silly audit   '@typescript-eslint/parser': [ '8.13.0' ],
39 silly audit   'eslint-config-next': [ '14.2.15' ]
39 silly audit }
40 verbose reify failed optional dependency E:\Saad Rehman-GitHub\Cyberian-Electronics\node_modules\fsevents
41 silly reify mark deleted [
41 silly reify   'E:\\Saad Rehman-GitHub\\Cyberian-Electronics\\node_modules\\fsevents'
41 silly reify ]
42 verbose reify failed optional dependency E:\Saad Rehman-GitHub\Cyberian-Electronics\node_modules\@next\swc-win32-ia32-msvc
43 silly reify mark deleted [
43 silly reify   'E:\\Saad Rehman-GitHub\\Cyberian-Electronics\\node_modules\\@next\\swc-win32-ia32-msvc'
43 silly reify ]
44 verbose reify failed optional dependency E:\Saad Rehman-GitHub\Cyberian-Electronics\node_modules\@next\swc-win32-arm64-msvc
45 silly reify mark deleted [
45 silly reify   'E:\\Saad Rehman-GitHub\\Cyberian-Electronics\\node_modules\\@next\\swc-win32-arm64-msvc'
45 silly reify ]
46 verbose reify failed optional dependency E:\Saad Rehman-GitHub\Cyberian-Electronics\node_modules\@next\swc-linux-x64-musl
47 silly reify mark deleted [
47 silly reify   'E:\\Saad Rehman-GitHub\\Cyberian-Electronics\\node_modules\\@next\\swc-linux-x64-musl'
47 silly reify ]
48 verbose reify failed optional dependency E:\Saad Rehman-GitHub\Cyberian-Electronics\node_modules\@next\swc-linux-x64-gnu
49 silly reify mark deleted [
49 silly reify   'E:\\Saad Rehman-GitHub\\Cyberian-Electronics\\node_modules\\@next\\swc-linux-x64-gnu'
49 silly reify ]
50 verbose reify failed optional dependency E:\Saad Rehman-GitHub\Cyberian-Electronics\node_modules\@next\swc-linux-arm64-musl
51 silly reify mark deleted [
51 silly reify   'E:\\Saad Rehman-GitHub\\Cyberian-Electronics\\node_modules\\@next\\swc-linux-arm64-musl'
51 silly reify ]
52 verbose reify failed optional dependency E:\Saad Rehman-GitHub\Cyberian-Electronics\node_modules\@next\swc-linux-arm64-gnu
53 silly reify mark deleted [
53 silly reify   'E:\\Saad Rehman-GitHub\\Cyberian-Electronics\\node_modules\\@next\\swc-linux-arm64-gnu'
53 silly reify ]
54 verbose reify failed optional dependency E:\Saad Rehman-GitHub\Cyberian-Electronics\node_modules\@next\swc-darwin-x64
55 silly reify mark deleted [
55 silly reify   'E:\\Saad Rehman-GitHub\\Cyberian-Electronics\\node_modules\\@next\\swc-darwin-x64'
55 silly reify ]
56 verbose reify failed optional dependency E:\Saad Rehman-GitHub\Cyberian-Electronics\node_modules\@next\swc-darwin-arm64
57 silly reify mark deleted [
57 silly reify   'E:\\Saad Rehman-GitHub\\Cyberian-Electronics\\node_modules\\@next\\swc-darwin-arm64'
57 silly reify ]
58 http fetch POST 200 https://registry.npmjs.org/-/npm/v1/security/advisories/bulk 353ms
59 silly audit report {}
60 silly ADD
61 silly ADD
62 silly ADD
63 silly ADD
64 silly ADD
65 silly ADD
66 silly ADD
67 silly ADD
68 silly ADD
69 verbose cwd E:\Saad Rehman-GitHub\Cyberian-Electronics
70 verbose os Windows_NT 10.0.22631
71 verbose node v22.3.0
72 verbose npm  v10.8.1
73 verbose exit 0
74 info ok
