0 verbose cli C:\Program Files\nodejs\node.exe C:\Program Files\nodejs\node_modules\npm\bin\npm-cli.js
1 info using npm@10.8.1
2 info using node@v22.3.0
3 silly config load:file:C:\Program Files\nodejs\node_modules\npm\npmrc
4 silly config load:file:E:\Saad Rehman-GitHub\Cyberian-Electronics\.npmrc
5 silly config load:file:C:\Users\saadr\.npmrc
6 silly config load:file:C:\Users\saadr\AppData\Roaming\npm\etc\npmrc
7 verbose title npm install @typescript-eslint/parser @typescript-eslint/eslint-plugin
8 verbose argv "install" "--save-dev" "@typescript-eslint/parser" "@typescript-eslint/eslint-plugin"
9 verbose logfile logs-max:10 dir:E:\Saad Rehman-GitHub\Cyberian-Electronics\%APPDATA%\npm-cache\_logs\2024-11-10T17_18_10_831Z-
10 verbose logfile E:\Saad Rehman-GitHub\Cyberian-Electronics\%APPDATA%\npm-cache\_logs\2024-11-10T17_18_10_831Z-debug-0.log
11 silly packumentCache heap:4345298944 maxSize:1086324736 maxEntrySize:543162368
12 silly logfile start cleaning logs, removing 1 files
13 silly logfile done cleaning log files
14 silly idealTree buildDeps
15 silly fetch manifest @typescript-eslint/parser@*
16 silly packumentCache full:https://registry.npmjs.org/@typescript-eslint%2fparser cache-miss
17 http fetch GET 200 https://registry.npmjs.org/@typescript-eslint%2fparser 1131ms (cache miss)
18 silly packumentCache full:https://registry.npmjs.org/@typescript-eslint%2fparser set size:undefined disposed:false
19 silly fetch manifest eslint@^8
20 silly packumentCache full:https://registry.npmjs.org/eslint cache-miss
21 http fetch GET 200 https://registry.npmjs.org/eslint 840ms (cache miss)
22 silly packumentCache full:https://registry.npmjs.org/eslint set size:undefined disposed:false
23 silly fetch manifest @typescript-eslint/eslint-plugin@*
24 silly packumentCache full:https://registry.npmjs.org/@typescript-eslint%2feslint-plugin cache-miss
25 http fetch GET 200 https://registry.npmjs.org/@typescript-eslint%2feslint-plugin 431ms (cache miss)
26 silly packumentCache full:https://registry.npmjs.org/@typescript-eslint%2feslint-plugin set size:undefined disposed:false
27 silly placeDep ROOT @typescript-eslint/eslint-plugin@8.13.0 REPLACE for: cyberian-electronics@0.1.0 want: *
28 silly placeDep ROOT @typescript-eslint/parser@8.13.0 REPLACE for: cyberian-electronics@0.1.0 want: *
29 silly fetch manifest @typescript-eslint/utils@8.13.0
30 silly packumentCache full:https://registry.npmjs.org/@typescript-eslint%2futils cache-miss
31 silly fetch manifest @typescript-eslint/type-utils@8.13.0
32 silly packumentCache full:https://registry.npmjs.org/@typescript-eslint%2ftype-utils cache-miss
33 silly fetch manifest @typescript-eslint/visitor-keys@8.13.0
34 silly packumentCache full:https://registry.npmjs.org/@typescript-eslint%2fvisitor-keys cache-miss
35 silly fetch manifest @typescript-eslint/scope-manager@8.13.0
36 silly packumentCache full:https://registry.npmjs.org/@typescript-eslint%2fscope-manager cache-miss
37 silly fetch manifest @typescript-eslint/types@8.13.0
38 silly packumentCache full:https://registry.npmjs.org/@typescript-eslint%2ftypes cache-miss
39 silly fetch manifest @typescript-eslint/visitor-keys@8.13.0
40 silly packumentCache full:https://registry.npmjs.org/@typescript-eslint%2fvisitor-keys cache-miss
41 silly fetch manifest @typescript-eslint/scope-manager@8.13.0
42 silly packumentCache full:https://registry.npmjs.org/@typescript-eslint%2fscope-manager cache-miss
43 http fetch GET 200 https://registry.npmjs.org/@typescript-eslint%2futils 302ms (cache miss)
44 silly packumentCache full:https://registry.npmjs.org/@typescript-eslint%2futils set size:undefined disposed:false
45 silly fetch manifest @typescript-eslint/typescript-estree@8.13.0
46 silly packumentCache full:https://registry.npmjs.org/@typescript-eslint%2ftypescript-estree cache-miss
47 http fetch GET 200 https://registry.npmjs.org/@typescript-eslint%2ftype-utils 1024ms (cache miss)
48 silly packumentCache full:https://registry.npmjs.org/@typescript-eslint%2ftype-utils set size:undefined disposed:false
49 http fetch GET 200 https://registry.npmjs.org/@typescript-eslint%2fvisitor-keys 1114ms (cache miss)
50 silly packumentCache full:https://registry.npmjs.org/@typescript-eslint%2fvisitor-keys set size:undefined disposed:false
51 http fetch GET 200 https://registry.npmjs.org/@typescript-eslint%2fscope-manager 1223ms (cache miss)
52 silly packumentCache full:https://registry.npmjs.org/@typescript-eslint%2fscope-manager set size:undefined disposed:false
53 http fetch GET 200 https://registry.npmjs.org/@typescript-eslint%2fscope-manager 1361ms (cache miss)
54 silly packumentCache full:https://registry.npmjs.org/@typescript-eslint%2fscope-manager set size:undefined disposed:false
55 http fetch GET 200 https://registry.npmjs.org/@typescript-eslint%2ftypes 1453ms (cache miss)
56 silly packumentCache full:https://registry.npmjs.org/@typescript-eslint%2ftypes set size:undefined disposed:false
57 http fetch GET 200 https://registry.npmjs.org/@typescript-eslint%2fvisitor-keys 1532ms (cache miss)
58 silly packumentCache full:https://registry.npmjs.org/@typescript-eslint%2fvisitor-keys set size:undefined disposed:false
59 http fetch GET 200 https://registry.npmjs.org/@typescript-eslint%2ftypescript-estree 1337ms (cache miss)
60 silly packumentCache full:https://registry.npmjs.org/@typescript-eslint%2ftypescript-estree set size:undefined disposed:false
61 silly fetch manifest eslint@^8.57.0 || ^9.0.0
62 silly packumentCache full:https://registry.npmjs.org/eslint cache-miss
63 http fetch GET 200 https://registry.npmjs.org/eslint 13ms (cache hit)
64 silly packumentCache full:https://registry.npmjs.org/eslint set size:1673208 disposed:false
65 silly fetch manifest jiti@*
66 silly packumentCache full:https://registry.npmjs.org/jiti cache-miss
67 http fetch GET 200 https://registry.npmjs.org/jiti 146ms (cache miss)
68 silly packumentCache full:https://registry.npmjs.org/jiti set size:undefined disposed:false
69 silly placeDep ROOT @typescript-eslint/scope-manager@8.13.0 OK for: @typescript-eslint/eslint-plugin@8.13.0 want: 8.13.0
70 silly placeDep ROOT @typescript-eslint/type-utils@8.13.0 OK for: @typescript-eslint/eslint-plugin@8.13.0 want: 8.13.0
71 silly placeDep ROOT @typescript-eslint/utils@8.13.0 OK for: @typescript-eslint/eslint-plugin@8.13.0 want: 8.13.0
72 silly placeDep ROOT @typescript-eslint/visitor-keys@8.13.0 OK for: @typescript-eslint/eslint-plugin@8.13.0 want: 8.13.0
73 silly placeDep ROOT @typescript-eslint/types@8.13.0 OK for: @typescript-eslint/parser@8.13.0 want: 8.13.0
74 silly placeDep ROOT @typescript-eslint/typescript-estree@8.13.0 OK for: @typescript-eslint/parser@8.13.0 want: 8.13.0
75 silly fetch manifest minimatch@^9.0.4
76 silly packumentCache full:https://registry.npmjs.org/minimatch cache-miss
77 http fetch GET 200 https://registry.npmjs.org/minimatch 130ms (cache revalidated)
78 silly packumentCache full:https://registry.npmjs.org/minimatch set size:398328 disposed:false
79 silly placeDep node_modules/@typescript-eslint/typescript-estree minimatch@9.0.5 OK for: @typescript-eslint/typescript-estree@8.13.0 want: ^9.0.4
80 silly fetch manifest brace-expansion@^2.0.1
81 silly packumentCache full:https://registry.npmjs.org/brace-expansion cache-miss
82 http fetch GET 200 https://registry.npmjs.org/brace-expansion 158ms (cache revalidated)
83 silly packumentCache full:https://registry.npmjs.org/brace-expansion set size:42345 disposed:false
84 silly placeDep node_modules/@typescript-eslint/typescript-estree brace-expansion@2.0.1 OK for: minimatch@9.0.5 want: ^2.0.1
85 silly reify mark retired [
85 silly reify   'E:\\Saad Rehman-GitHub\\Cyberian-Electronics\\node_modules\\@typescript-eslint\\eslint-plugin'
85 silly reify ]
86 silly reify mark retired [
86 silly reify   'E:\\Saad Rehman-GitHub\\Cyberian-Electronics\\node_modules\\@typescript-eslint\\parser'
86 silly reify ]
87 silly reify mark retired [
87 silly reify   'E:\\Saad Rehman-GitHub\\Cyberian-Electronics\\node_modules\\@typescript-eslint\\scope-manager'
87 silly reify ]
88 silly reify mark retired [
88 silly reify   'E:\\Saad Rehman-GitHub\\Cyberian-Electronics\\node_modules\\@typescript-eslint\\type-utils'
88 silly reify ]
89 silly reify mark retired [
89 silly reify   'E:\\Saad Rehman-GitHub\\Cyberian-Electronics\\node_modules\\@typescript-eslint\\types'
89 silly reify ]
90 silly reify mark retired [
90 silly reify   'E:\\Saad Rehman-GitHub\\Cyberian-Electronics\\node_modules\\@typescript-eslint\\typescript-estree'
90 silly reify ]
91 silly reify mark retired [
91 silly reify   'E:\\Saad Rehman-GitHub\\Cyberian-Electronics\\node_modules\\@typescript-eslint\\utils'
91 silly reify ]
92 silly reify mark retired [
92 silly reify   'E:\\Saad Rehman-GitHub\\Cyberian-Electronics\\node_modules\\@typescript-eslint\\visitor-keys'
92 silly reify ]
93 silly reify moves {
93 silly reify   'E:\\Saad Rehman-GitHub\\Cyberian-Electronics\\node_modules\\@typescript-eslint\\eslint-plugin': 'E:\\Saad Rehman-GitHub\\Cyberian-Electronics\\node_modules\\@typescript-eslint\\.eslint-plugin-vhjBKMQS',
93 silly reify   'E:\\Saad Rehman-GitHub\\Cyberian-Electronics\\node_modules\\@typescript-eslint\\parser': 'E:\\Saad Rehman-GitHub\\Cyberian-Electronics\\node_modules\\@typescript-eslint\\.parser-VsDSy0x5',
93 silly reify   'E:\\Saad Rehman-GitHub\\Cyberian-Electronics\\node_modules\\@typescript-eslint\\scope-manager': 'E:\\Saad Rehman-GitHub\\Cyberian-Electronics\\node_modules\\@typescript-eslint\\.scope-manager-LOsVdNih',
93 silly reify   'E:\\Saad Rehman-GitHub\\Cyberian-Electronics\\node_modules\\@typescript-eslint\\type-utils': 'E:\\Saad Rehman-GitHub\\Cyberian-Electronics\\node_modules\\@typescript-eslint\\.type-utils-wodpMSZl',
93 silly reify   'E:\\Saad Rehman-GitHub\\Cyberian-Electronics\\node_modules\\@typescript-eslint\\types': 'E:\\Saad Rehman-GitHub\\Cyberian-Electronics\\node_modules\\@typescript-eslint\\.types-qPFpeyvY',
93 silly reify   'E:\\Saad Rehman-GitHub\\Cyberian-Electronics\\node_modules\\@typescript-eslint\\typescript-estree': 'E:\\Saad Rehman-GitHub\\Cyberian-Electronics\\node_modules\\@typescript-eslint\\.typescript-estree-ECjzav4O',
93 silly reify   'E:\\Saad Rehman-GitHub\\Cyberian-Electronics\\node_modules\\@typescript-eslint\\utils': 'E:\\Saad Rehman-GitHub\\Cyberian-Electronics\\node_modules\\@typescript-eslint\\.utils-J1JdNub9',
93 silly reify   'E:\\Saad Rehman-GitHub\\Cyberian-Electronics\\node_modules\\@typescript-eslint\\visitor-keys': 'E:\\Saad Rehman-GitHub\\Cyberian-Electronics\\node_modules\\@typescript-eslint\\.visitor-keys-KBkO3RNa'
93 silly reify }
94 silly audit bulk request {
94 silly audit   '@alloc/quick-lru': [ '5.2.0' ],
94 silly audit   '@eslint-community/eslint-utils': [ '4.4.0' ],
94 silly audit   '@eslint-community/regexpp': [ '4.11.1' ],
94 silly audit   '@eslint/eslintrc': [ '2.1.4' ],
94 silly audit   '@eslint/js': [ '8.57.1' ],
94 silly audit   '@floating-ui/core': [ '1.6.8' ],
94 silly audit   '@floating-ui/dom': [ '1.6.11' ],
94 silly audit   '@floating-ui/react': [ '0.26.25' ],
94 silly audit   '@floating-ui/react-dom': [ '2.1.2' ],
94 silly audit   '@floating-ui/utils': [ '0.2.8' ],
94 silly audit   '@headlessui/react': [ '2.1.10' ],
94 silly audit   '@heroicons/react': [ '2.1.5' ],
94 silly audit   '@humanwhocodes/config-array': [ '0.13.0' ],
94 silly audit   '@humanwhocodes/module-importer': [ '1.0.1' ],
94 silly audit   '@humanwhocodes/object-schema': [ '2.0.3' ],
94 silly audit   '@isaacs/cliui': [ '8.0.2' ],
94 silly audit   'ansi-regex': [ '6.1.0', '5.0.1' ],
94 silly audit   'strip-ansi': [ '7.1.0', '6.0.1' ],
94 silly audit   '@jridgewell/gen-mapping': [ '0.3.5' ],
94 silly audit   '@jridgewell/resolve-uri': [ '3.1.2' ],
94 silly audit   '@jridgewell/set-array': [ '1.2.1' ],
94 silly audit   '@jridgewell/sourcemap-codec': [ '1.5.0' ],
94 silly audit   '@jridgewell/trace-mapping': [ '0.3.25' ],
94 silly audit   '@next/env': [ '14.2.15' ],
94 silly audit   '@next/eslint-plugin-next': [ '14.2.15' ],
94 silly audit   '@next/swc-darwin-arm64': [ '14.2.15' ],
94 silly audit   '@next/swc-darwin-x64': [ '14.2.15' ],
94 silly audit   '@next/swc-linux-arm64-gnu': [ '14.2.15' ],
94 silly audit   '@next/swc-linux-arm64-musl': [ '14.2.15' ],
94 silly audit   '@next/swc-linux-x64-gnu': [ '14.2.15' ],
94 silly audit   '@next/swc-linux-x64-musl': [ '14.2.15' ],
94 silly audit   '@next/swc-win32-arm64-msvc': [ '14.2.15' ],
94 silly audit   '@next/swc-win32-ia32-msvc': [ '14.2.15' ],
94 silly audit   '@next/swc-win32-x64-msvc': [ '14.2.15' ],
94 silly audit   '@nodelib/fs.scandir': [ '2.1.5' ],
94 silly audit   '@nodelib/fs.stat': [ '2.0.5' ],
94 silly audit   '@nodelib/fs.walk': [ '1.2.8' ],
94 silly audit   '@nolyfill/is-core-module': [ '1.0.39' ],
94 silly audit   '@pkgjs/parseargs': [ '0.11.0' ],
94 silly audit   '@radix-ui/number': [ '1.1.0' ],
94 silly audit   '@radix-ui/primitive': [ '1.1.0' ],
94 silly audit   '@radix-ui/react-arrow': [ '1.1.0' ],
94 silly audit   '@radix-ui/react-collection': [ '1.1.0' ],
94 silly audit   '@radix-ui/react-context': [ '1.1.0', '1.1.1' ],
94 silly audit   '@radix-ui/react-compose-refs': [ '1.1.0' ],
94 silly audit   '@radix-ui/react-direction': [ '1.1.0' ],
94 silly audit   '@radix-ui/react-dismissable-layer': [ '1.1.1' ],
94 silly audit   '@radix-ui/react-focus-guards': [ '1.1.1' ],
94 silly audit   '@radix-ui/react-focus-scope': [ '1.1.0' ],
94 silly audit   '@radix-ui/react-id': [ '1.1.0' ],
94 silly audit   '@radix-ui/react-label': [ '2.1.0' ],
94 silly audit   '@radix-ui/react-popper': [ '1.2.0' ],
94 silly audit   '@radix-ui/react-portal': [ '1.1.2' ],
94 silly audit   '@radix-ui/react-presence': [ '1.1.1' ],
94 silly audit   '@radix-ui/react-primitive': [ '2.0.0' ],
94 silly audit   '@radix-ui/react-roving-focus': [ '1.1.0' ],
94 silly audit   '@radix-ui/react-select': [ '2.1.2' ],
94 silly audit   '@radix-ui/react-slot': [ '1.1.0' ],
94 silly audit   '@radix-ui/react-tabs': [ '1.1.1' ],
94 silly audit   '@radix-ui/react-use-callback-ref': [ '1.1.0' ],
94 silly audit   '@radix-ui/react-use-controllable-state': [ '1.1.0' ],
94 silly audit   '@radix-ui/react-use-escape-keydown': [ '1.1.0' ],
94 silly audit   '@radix-ui/react-use-layout-effect': [ '1.1.0' ],
94 silly audit   '@radix-ui/react-use-previous': [ '1.1.0' ],
94 silly audit   '@radix-ui/react-use-rect': [ '1.1.0' ],
94 silly audit   '@radix-ui/react-use-size': [ '1.1.0' ],
94 silly audit   '@radix-ui/react-visually-hidden': [ '1.1.0' ],
94 silly audit   '@radix-ui/rect': [ '1.1.0' ],
94 silly audit   '@react-aria/focus': [ '3.18.4' ],
94 silly audit   '@react-aria/interactions': [ '3.22.4' ],
94 silly audit   '@react-aria/ssr': [ '3.9.6' ],
94 silly audit   '@react-aria/utils': [ '3.25.3' ],
94 silly audit   '@react-stately/utils': [ '3.10.4' ],
94 silly audit   '@react-types/shared': [ '3.25.0' ],
94 silly audit   '@rtsao/scc': [ '1.1.0' ],
94 silly audit   '@rushstack/eslint-patch': [ '1.10.4' ],
94 silly audit   '@swc/counter': [ '0.1.3' ],
94 silly audit   '@swc/helpers': [ '0.5.5' ],
94 silly audit   '@tanstack/react-virtual': [ '3.10.8' ],
94 silly audit   '@tanstack/virtual-core': [ '3.10.8' ],
94 silly audit   '@types/json5': [ '0.0.29' ],
94 silly audit   '@types/node': [ '20.16.13' ],
94 silly audit   '@types/prop-types': [ '15.7.13' ],
94 silly audit   '@types/react': [ '18.3.11' ],
94 silly audit   '@types/react-dom': [ '18.3.1' ],
94 silly audit   'brace-expansion': [ '1.1.11', '2.0.1' ],
94 silly audit   minimatch: [ '9.0.5', '3.1.2' ],
94 silly audit   '@ungap/structured-clone': [ '1.2.0' ],
94 silly audit   acorn: [ '8.13.0' ],
94 silly audit   'acorn-jsx': [ '5.3.2' ],
94 silly audit   ajv: [ '6.12.6' ],
94 silly audit   'ansi-styles': [ '4.3.0', '6.2.1' ],
94 silly audit   'any-promise': [ '1.3.0' ],
94 silly audit   anymatch: [ '3.1.3' ],
94 silly audit   arg: [ '5.0.2' ],
94 silly audit   argparse: [ '2.0.1' ],
94 silly audit   'aria-hidden': [ '1.2.4' ],
94 silly audit   'aria-query': [ '5.1.3' ],
94 silly audit   'array-buffer-byte-length': [ '1.0.1' ],
94 silly audit   'array-includes': [ '3.1.8' ],
94 silly audit   'array.prototype.findlast': [ '1.2.5' ],
94 silly audit   'array.prototype.findlastindex': [ '1.2.5' ],
94 silly audit   'array.prototype.flat': [ '1.3.2' ],
94 silly audit   'array.prototype.flatmap': [ '1.3.2' ],
94 silly audit   'array.prototype.tosorted': [ '1.1.4' ],
94 silly audit   'arraybuffer.prototype.slice': [ '1.0.3' ],
94 silly audit   'ast-types-flow': [ '0.0.8' ],
94 silly audit   'available-typed-arrays': [ '1.0.7' ],
94 silly audit   'axe-core': [ '4.10.1' ],
94 silly audit   'axobject-query': [ '4.1.0' ],
94 silly audit   'balanced-match': [ '1.0.2' ],
94 silly audit   'binary-extensions': [ '2.3.0' ],
94 silly audit   braces: [ '3.0.3' ],
94 silly audit   busboy: [ '1.6.0' ],
94 silly audit   'call-bind': [ '1.0.7' ],
94 silly audit   callsites: [ '3.1.0' ],
94 silly audit   'camelcase-css': [ '2.0.1' ],
94 silly audit   'caniuse-lite': [ '1.0.30001669' ],
94 silly audit   chalk: [ '4.1.2' ],
94 silly audit   chokidar: [ '3.6.0' ],
94 silly audit   'glob-parent': [ '5.1.2', '6.0.2' ],
94 silly audit   'class-variance-authority': [ '0.7.0' ],
94 silly audit   clsx: [ '2.0.0', '2.1.1' ],
94 silly audit   'client-only': [ '0.0.1' ],
94 silly audit   'color-convert': [ '2.0.1' ],
94 silly audit   'color-name': [ '1.1.4' ],
94 silly audit   commander: [ '4.1.1' ],
94 silly audit   'concat-map': [ '0.0.1' ],
94 silly audit   'cross-spawn': [ '7.0.3' ],
94 silly audit   cssesc: [ '3.0.0' ],
94 silly audit   csstype: [ '3.1.3' ],
94 silly audit   'damerau-levenshtein': [ '1.0.8' ],
94 silly audit   'data-view-buffer': [ '1.0.1' ],
94 silly audit   'data-view-byte-length': [ '1.0.1' ],
94 silly audit   'data-view-byte-offset': [ '1.0.0' ],
94 silly audit   debug: [ '4.3.7', '3.2.7' ],
94 silly audit   'deep-equal': [ '2.2.3' ],
94 silly audit   'deep-is': [ '0.1.4' ],
94 silly audit   'define-data-property': [ '1.1.4' ],
94 silly audit   'define-properties': [ '1.2.1' ],
94 silly audit   'detect-node-es': [ '1.1.0' ],
94 silly audit   didyoumean: [ '1.2.2' ],
94 silly audit   dlv: [ '1.1.3' ],
94 silly audit   doctrine: [ '3.0.0', '2.1.0' ],
94 silly audit   eastasianwidth: [ '0.2.0' ],
94 silly audit   'embla-carousel': [ '8.3.1' ],
94 silly audit   'embla-carousel-react': [ '8.3.1' ],
94 silly audit   'embla-carousel-reactive-utils': [ '8.3.1' ],
94 silly audit   'emoji-regex': [ '9.2.2', '8.0.0' ],
94 silly audit   'enhanced-resolve': [ '5.17.1' ],
94 silly audit   'es-abstract': [ '1.23.3' ],
94 silly audit   'es-define-property': [ '1.0.0' ],
94 silly audit   'es-errors': [ '1.3.0' ],
94 silly audit   'es-get-iterator': [ '1.1.3' ],
94 silly audit   'es-iterator-helpers': [ '1.1.0' ],
94 silly audit   'es-object-atoms': [ '1.0.0' ],
94 silly audit   'es-set-tostringtag': [ '2.0.3' ],
94 silly audit   'es-shim-unscopables': [ '1.0.2' ],
94 silly audit   'es-to-primitive': [ '1.2.1' ],
94 silly audit   'escape-string-regexp': [ '4.0.0' ],
94 silly audit   eslint: [ '8.57.1' ],
94 silly audit   'eslint-config-next': [ '14.2.15' ],
94 silly audit   'eslint-import-resolver-node': [ '0.3.9' ],
94 silly audit   'eslint-import-resolver-typescript': [ '3.6.3' ],
94 silly audit   'eslint-module-utils': [ '2.12.0' ],
94 silly audit   'eslint-plugin-import': [ '2.31.0' ],
94 silly audit   semver: [ '6.3.1', '7.6.3' ],
94 silly audit   'eslint-plugin-jsx-a11y': [ '6.10.0' ],
94 silly audit   'eslint-plugin-react': [ '7.37.1' ],
94 silly audit   'eslint-plugin-react-hooks': [ '5.0.0-canary-7118f5dd7-20230705' ],
94 silly audit   resolve: [ '2.0.0-next.5', '1.22.8' ],
94 silly audit   'eslint-scope': [ '7.2.2' ],
94 silly audit   'eslint-visitor-keys': [ '3.4.3' ],
94 silly audit   espree: [ '9.6.1' ],
94 silly audit   esquery: [ '1.6.0' ],
94 silly audit   esrecurse: [ '4.3.0' ],
94 silly audit   estraverse: [ '5.3.0' ],
94 silly audit   esutils: [ '2.0.3' ],
94 silly audit   'fast-deep-equal': [ '3.1.3' ],
94 silly audit   'fast-glob': [ '3.3.2' ],
94 silly audit   'fast-json-stable-stringify': [ '2.1.0' ],
94 silly audit   'fast-levenshtein': [ '2.0.6' ],
94 silly audit   fastq: [ '1.17.1' ],
94 silly audit   'file-entry-cache': [ '6.0.1' ],
94 silly audit   'fill-range': [ '7.1.1' ],
94 silly audit   'find-up': [ '5.0.0' ],
94 silly audit   'flat-cache': [ '3.2.0' ],
94 silly audit   flatted: [ '3.3.1' ],
94 silly audit   'for-each': [ '0.3.3' ],
94 silly audit   'foreground-child': [ '3.3.0' ],
94 silly audit   'framer-motion': [ '11.11.11' ],
94 silly audit   'fs.realpath': [ '1.0.0' ],
94 silly audit   fsevents: [ '2.3.3' ],
94 silly audit   'function-bind': [ '1.1.2' ],
94 silly audit   'function.prototype.name': [ '1.1.6' ],
94 silly audit   'functions-have-names': [ '1.2.3' ],
94 silly audit   'get-intrinsic': [ '1.2.4' ],
94 silly audit   'get-nonce': [ '1.0.1' ],
94 silly audit   'get-symbol-description': [ '1.0.2' ],
94 silly audit   'get-tsconfig': [ '4.8.1' ],
94 silly audit   glob: [ '10.3.10', '7.2.3' ],
94 silly audit   globals: [ '13.24.0' ],
94 silly audit   globalthis: [ '1.0.4' ],
94 silly audit   gopd: [ '1.0.1' ],
94 silly audit   'graceful-fs': [ '4.2.11' ],
94 silly audit   graphemer: [ '1.4.0' ],
94 silly audit   'has-bigints': [ '1.0.2' ],
94 silly audit   'has-flag': [ '4.0.0' ],
94 silly audit   'has-property-descriptors': [ '1.0.2' ],
94 silly audit   'has-proto': [ '1.0.3' ],
94 silly audit   'has-symbols': [ '1.0.3' ],
94 silly audit   'has-tostringtag': [ '1.0.2' ],
94 silly audit   hasown: [ '2.0.2' ],
94 silly audit   ignore: [ '5.3.2' ],
94 silly audit   'import-fresh': [ '3.3.0' ],
94 silly audit   imurmurhash: [ '0.1.4' ],
94 silly audit   inflight: [ '1.0.6' ],
94 silly audit   inherits: [ '2.0.4' ],
94 silly audit   'internal-slot': [ '1.0.7' ],
94 silly audit   invariant: [ '2.2.4' ],
94 silly audit   'is-arguments': [ '1.1.1' ],
94 silly audit   'is-array-buffer': [ '3.0.4' ],
94 silly audit   'is-async-function': [ '2.0.0' ],
94 silly audit   'is-bigint': [ '1.0.4' ],
94 silly audit   'is-binary-path': [ '2.1.0' ],
94 silly audit   'is-boolean-object': [ '1.1.2' ],
94 silly audit   'is-bun-module': [ '1.2.1' ],
94 silly audit   'is-callable': [ '1.2.7' ],
94 silly audit   'is-core-module': [ '2.15.1' ],
94 silly audit   'is-data-view': [ '1.0.1' ],
94 silly audit   'is-date-object': [ '1.0.5' ],
94 silly audit   'is-extglob': [ '2.1.1' ],
94 silly audit   'is-finalizationregistry': [ '1.0.2' ],
94 silly audit   'is-fullwidth-code-point': [ '3.0.0' ],
94 silly audit   'is-generator-function': [ '1.0.10' ],
94 silly audit   'is-glob': [ '4.0.3' ],
94 silly audit   'is-map': [ '2.0.3' ],
94 silly audit   'is-negative-zero': [ '2.0.3' ],
94 silly audit   'is-number': [ '7.0.0' ],
94 silly audit   'is-number-object': [ '1.0.7' ],
94 silly audit   'is-path-inside': [ '3.0.3' ],
94 silly audit   'is-regex': [ '1.1.4' ],
94 silly audit   'is-set': [ '2.0.3' ],
94 silly audit   'is-shared-array-buffer': [ '1.0.3' ],
94 silly audit   'is-string': [ '1.0.7' ],
94 silly audit   'is-symbol': [ '1.0.4' ],
94 silly audit   'is-typed-array': [ '1.1.13' ],
94 silly audit   'is-weakmap': [ '2.0.2' ],
94 silly audit   'is-weakref': [ '1.0.2' ],
94 silly audit   'is-weakset': [ '2.0.3' ],
94 silly audit   isarray: [ '2.0.5' ],
94 silly audit   isexe: [ '2.0.0' ],
94 silly audit   'iterator.prototype': [ '1.1.3' ],
94 silly audit   jackspeak: [ '2.3.6' ],
94 silly audit   jiti: [ '1.21.6' ],
94 silly audit   'js-tokens': [ '4.0.0' ],
94 silly audit   'js-yaml': [ '4.1.0' ],
94 silly audit   'json-buffer': [ '3.0.1' ],
94 silly audit   'json-schema-traverse': [ '0.4.1' ],
94 silly audit   'json-stable-stringify-without-jsonify': [ '1.0.1' ],
94 silly audit   json5: [ '1.0.2' ],
94 silly audit   'jsx-ast-utils': [ '3.3.5' ],
94 silly audit   keyv: [ '4.5.4' ],
94 silly audit   'language-subtag-registry': [ '0.3.23' ],
94 silly audit   'language-tags': [ '1.0.9' ],
94 silly audit   levn: [ '0.4.1' ],
94 silly audit   lilconfig: [ '2.1.0', '3.1.2' ],
94 silly audit   'lines-and-columns': [ '1.2.4' ],
94 silly audit   'locate-path': [ '6.0.0' ],
94 silly audit   'lodash.merge': [ '4.6.2' ],
94 silly audit   'loose-envify': [ '1.4.0' ],
94 silly audit   'lru-cache': [ '10.4.3' ],
94 silly audit   'lucide-react': [ '0.453.0' ],
94 silly audit   merge2: [ '1.4.1' ],
94 silly audit   micromatch: [ '4.0.8' ],
94 silly audit   minimist: [ '1.2.8' ],
94 silly audit   minipass: [ '7.1.2' ],
94 silly audit   ms: [ '2.1.3' ],
94 silly audit   mz: [ '2.7.0' ],
94 silly audit   nanoid: [ '3.3.7' ],
94 silly audit   'natural-compare': [ '1.4.0' ],
94 silly audit   next: [ '14.2.15' ],
94 silly audit   'next-themes': [ '0.3.0' ],
94 silly audit   postcss: [ '8.4.31', '8.4.47' ],
94 silly audit   'normalize-path': [ '3.0.0' ],
94 silly audit   'object-assign': [ '4.1.1' ],
94 silly audit   'object-hash': [ '3.0.0' ],
94 silly audit   'object-inspect': [ '1.13.2' ],
94 silly audit   'object-is': [ '1.1.6' ],
94 silly audit   'object-keys': [ '1.1.1' ],
94 silly audit   'object.assign': [ '4.1.5' ],
94 silly audit   'object.entries': [ '1.1.8' ],
94 silly audit   'object.fromentries': [ '2.0.8' ],
94 silly audit   'object.groupby': [ '1.0.3' ],
94 silly audit   'object.values': [ '1.2.0' ],
94 silly audit   once: [ '1.4.0' ],
94 silly audit   optionator: [ '0.9.4' ],
94 silly audit   'p-limit': [ '3.1.0' ],
94 silly audit   'p-locate': [ '5.0.0' ],
94 silly audit   'parent-module': [ '1.0.1' ],
94 silly audit   'path-exists': [ '4.0.0' ],
94 silly audit   'path-is-absolute': [ '1.0.1' ],
94 silly audit   'path-key': [ '3.1.1' ],
94 silly audit   'path-parse': [ '1.0.7' ],
94 silly audit   'path-scurry': [ '1.11.1' ],
94 silly audit   picocolors: [ '1.1.1' ],
94 silly audit   picomatch: [ '2.3.1' ],
94 silly audit   pify: [ '2.3.0' ],
94 silly audit   pirates: [ '4.0.6' ],
94 silly audit   'possible-typed-array-names': [ '1.0.0' ],
94 silly audit   'postcss-import': [ '15.1.0' ],
94 silly audit   'postcss-js': [ '4.0.1' ],
94 silly audit   'postcss-load-config': [ '4.0.2' ],
94 silly audit   'postcss-nested': [ '6.2.0' ],
94 silly audit   'postcss-selector-parser': [ '6.1.2' ],
94 silly audit   'postcss-value-parser': [ '4.2.0' ],
94 silly audit   'prelude-ls': [ '1.2.1' ],
94 silly audit   'prop-types': [ '15.8.1' ],
94 silly audit   punycode: [ '2.3.1' ],
94 silly audit   'queue-microtask': [ '1.2.3' ],
94 silly audit   react: [ '18.3.1' ],
94 silly audit   'react-dom': [ '18.3.1' ],
94 silly audit   'react-is': [ '16.13.1' ],
94 silly audit   'react-remove-scroll': [ '2.6.0' ],
94 silly audit   'react-remove-scroll-bar': [ '2.3.6' ],
94 silly audit   'react-style-singleton': [ '2.2.1' ],
94 silly audit   'read-cache': [ '1.0.0' ],
94 silly audit   readdirp: [ '3.6.0' ],
94 silly audit   'reflect.getprototypeof': [ '1.0.6' ],
94 silly audit   'regexp.prototype.flags': [ '1.5.3' ],
94 silly audit   'resolve-from': [ '4.0.0' ],
94 silly audit   'resolve-pkg-maps': [ '1.0.0' ],
94 silly audit   reusify: [ '1.0.4' ],
94 silly audit   rimraf: [ '3.0.2' ],
94 silly audit   'run-parallel': [ '1.2.0' ],
94 silly audit   'safe-array-concat': [ '1.1.2' ],
94 silly audit   'safe-regex-test': [ '1.0.3' ],
94 silly audit   scheduler: [ '0.23.2' ],
94 silly audit   'set-function-length': [ '1.2.2' ],
94 silly audit   'set-function-name': [ '2.0.2' ],
94 silly audit   'shebang-command': [ '2.0.0' ],
94 silly audit   'shebang-regex': [ '3.0.0' ],
94 silly audit   'side-channel': [ '1.0.6' ],
94 silly audit   'signal-exit': [ '4.1.0' ],
94 silly audit   'source-map-js': [ '1.2.1' ],
94 silly audit   'stop-iteration-iterator': [ '1.0.0' ],
94 silly audit   streamsearch: [ '1.1.0' ],
94 silly audit   'string-width': [ '5.1.2', '4.2.3' ],
94 silly audit   'string.prototype.includes': [ '2.0.1' ],
94 silly audit   'string.prototype.matchall': [ '4.0.11' ],
94 silly audit   'string.prototype.repeat': [ '1.0.0' ],
94 silly audit   'string.prototype.trim': [ '1.2.9' ],
94 silly audit   'string.prototype.trimend': [ '1.0.8' ],
94 silly audit   'string.prototype.trimstart': [ '1.0.8' ],
94 silly audit   'strip-bom': [ '3.0.0' ],
94 silly audit   'strip-json-comments': [ '3.1.1' ],
94 silly audit   'styled-jsx': [ '5.1.1' ],
94 silly audit   sucrase: [ '3.35.0' ],
94 silly audit   'supports-color': [ '7.2.0' ],
94 silly audit   'supports-preserve-symlinks-flag': [ '1.0.0' ],
94 silly audit   tabbable: [ '6.2.0' ],
94 silly audit   'tailwind-merge': [ '2.5.4' ],
94 silly audit   tailwindcss: [ '3.4.14' ],
94 silly audit   'tailwindcss-animate': [ '1.0.7' ],
94 silly audit   tapable: [ '2.2.1' ],
94 silly audit   'text-table': [ '0.2.0' ],
94 silly audit   thenify: [ '3.3.1' ],
94 silly audit   'thenify-all': [ '1.6.0' ],
94 silly audit   'to-regex-range': [ '5.0.1' ],
94 silly audit   'ts-api-utils': [ '1.3.0' ],
94 silly audit   'ts-interface-checker': [ '0.1.13' ],
94 silly audit   'tsconfig-paths': [ '3.15.0' ],
94 silly audit   tslib: [ '2.8.0' ],
94 silly audit   'type-check': [ '0.4.0' ],
94 silly audit   'type-fest': [ '0.20.2' ],
94 silly audit   'typed-array-buffer': [ '1.0.2' ],
94 silly audit   'typed-array-byte-length': [ '1.0.1' ],
94 silly audit   'typed-array-byte-offset': [ '1.0.2' ],
94 silly audit   'typed-array-length': [ '1.0.6' ],
94 silly audit   typescript: [ '5.6.3' ],
94 silly audit   'unbox-primitive': [ '1.0.2' ],
94 silly audit   'undici-types': [ '6.19.8' ],
94 silly audit   'uri-js': [ '4.4.1' ],
94 silly audit   'use-callback-ref': [ '1.3.2' ],
94 silly audit   'use-sidecar': [ '1.1.2' ],
94 silly audit   'util-deprecate': [ '1.0.2' ],
94 silly audit   which: [ '2.0.2' ],
94 silly audit   'which-boxed-primitive': [ '1.0.2' ],
94 silly audit   'which-builtin-type': [ '1.1.4' ],
94 silly audit   'which-collection': [ '1.0.2' ],
94 silly audit   'which-typed-array': [ '1.1.15' ],
94 silly audit   'word-wrap': [ '1.2.5' ],
94 silly audit   'wrap-ansi': [ '8.1.0', '7.0.0' ],
94 silly audit   wrappy: [ '1.0.2' ],
94 silly audit   yaml: [ '2.6.0' ],
94 silly audit   'yocto-queue': [ '0.1.0' ],
94 silly audit   '@typescript-eslint/eslint-plugin': [ '8.13.0' ],
94 silly audit   '@typescript-eslint/parser': [ '8.13.0' ],
94 silly audit   '@typescript-eslint/scope-manager': [ '8.13.0' ],
94 silly audit   '@typescript-eslint/type-utils': [ '8.13.0' ],
94 silly audit   '@typescript-eslint/utils': [ '8.13.0' ],
94 silly audit   '@typescript-eslint/visitor-keys': [ '8.13.0' ],
94 silly audit   '@typescript-eslint/types': [ '8.13.0' ],
94 silly audit   '@typescript-eslint/typescript-estree': [ '8.13.0' ]
94 silly audit }
95 verbose reify failed optional dependency E:\Saad Rehman-GitHub\Cyberian-Electronics\node_modules\fsevents
96 silly reify mark deleted [
96 silly reify   'E:\\Saad Rehman-GitHub\\Cyberian-Electronics\\node_modules\\fsevents'
96 silly reify ]
97 verbose reify failed optional dependency E:\Saad Rehman-GitHub\Cyberian-Electronics\node_modules\@next\swc-win32-ia32-msvc
98 silly reify mark deleted [
98 silly reify   'E:\\Saad Rehman-GitHub\\Cyberian-Electronics\\node_modules\\@next\\swc-win32-ia32-msvc'
98 silly reify ]
99 verbose reify failed optional dependency E:\Saad Rehman-GitHub\Cyberian-Electronics\node_modules\@next\swc-win32-arm64-msvc
100 silly reify mark deleted [
100 silly reify   'E:\\Saad Rehman-GitHub\\Cyberian-Electronics\\node_modules\\@next\\swc-win32-arm64-msvc'
100 silly reify ]
101 verbose reify failed optional dependency E:\Saad Rehman-GitHub\Cyberian-Electronics\node_modules\@next\swc-linux-x64-musl
102 silly reify mark deleted [
102 silly reify   'E:\\Saad Rehman-GitHub\\Cyberian-Electronics\\node_modules\\@next\\swc-linux-x64-musl'
102 silly reify ]
103 verbose reify failed optional dependency E:\Saad Rehman-GitHub\Cyberian-Electronics\node_modules\@next\swc-linux-x64-gnu
104 silly reify mark deleted [
104 silly reify   'E:\\Saad Rehman-GitHub\\Cyberian-Electronics\\node_modules\\@next\\swc-linux-x64-gnu'
104 silly reify ]
105 verbose reify failed optional dependency E:\Saad Rehman-GitHub\Cyberian-Electronics\node_modules\@next\swc-linux-arm64-musl
106 silly reify mark deleted [
106 silly reify   'E:\\Saad Rehman-GitHub\\Cyberian-Electronics\\node_modules\\@next\\swc-linux-arm64-musl'
106 silly reify ]
107 verbose reify failed optional dependency E:\Saad Rehman-GitHub\Cyberian-Electronics\node_modules\@next\swc-linux-arm64-gnu
108 silly reify mark deleted [
108 silly reify   'E:\\Saad Rehman-GitHub\\Cyberian-Electronics\\node_modules\\@next\\swc-linux-arm64-gnu'
108 silly reify ]
109 verbose reify failed optional dependency E:\Saad Rehman-GitHub\Cyberian-Electronics\node_modules\@next\swc-darwin-x64
110 silly reify mark deleted [
110 silly reify   'E:\\Saad Rehman-GitHub\\Cyberian-Electronics\\node_modules\\@next\\swc-darwin-x64'
110 silly reify ]
111 verbose reify failed optional dependency E:\Saad Rehman-GitHub\Cyberian-Electronics\node_modules\@next\swc-darwin-arm64
112 silly reify mark deleted [
112 silly reify   'E:\\Saad Rehman-GitHub\\Cyberian-Electronics\\node_modules\\@next\\swc-darwin-arm64'
112 silly reify ]
113 silly tarball no local data for @typescript-eslint/utils@https://registry.npmjs.org/@typescript-eslint/utils/-/utils-8.13.0.tgz. Extracting by manifest.
114 silly tarball no local data for @typescript-eslint/typescript-estree@https://registry.npmjs.org/@typescript-eslint/typescript-estree/-/typescript-estree-8.13.0.tgz. Extracting by manifest.
115 silly tarball no local data for @typescript-eslint/visitor-keys@https://registry.npmjs.org/@typescript-eslint/visitor-keys/-/visitor-keys-8.13.0.tgz. Extracting by manifest.
116 silly tarball no local data for @typescript-eslint/types@https://registry.npmjs.org/@typescript-eslint/types/-/types-8.13.0.tgz. Extracting by manifest.
117 silly tarball no local data for @typescript-eslint/parser@https://registry.npmjs.org/@typescript-eslint/parser/-/parser-8.13.0.tgz. Extracting by manifest.
118 silly tarball no local data for @typescript-eslint/eslint-plugin@https://registry.npmjs.org/@typescript-eslint/eslint-plugin/-/eslint-plugin-8.13.0.tgz. Extracting by manifest.
119 silly tarball no local data for @typescript-eslint/type-utils@https://registry.npmjs.org/@typescript-eslint/type-utils/-/type-utils-8.13.0.tgz. Extracting by manifest.
120 silly tarball no local data for @typescript-eslint/scope-manager@https://registry.npmjs.org/@typescript-eslint/scope-manager/-/scope-manager-8.13.0.tgz. Extracting by manifest.
121 http fetch GET 200 https://registry.npmjs.org/@typescript-eslint/visitor-keys/-/visitor-keys-8.13.0.tgz 203ms (cache miss)
122 http fetch GET 200 https://registry.npmjs.org/@typescript-eslint/parser/-/parser-8.13.0.tgz 204ms (cache miss)
123 http fetch GET 200 https://registry.npmjs.org/@typescript-eslint/types/-/types-8.13.0.tgz 248ms (cache miss)
124 http fetch POST 200 https://registry.npmjs.org/-/npm/v1/security/advisories/bulk 321ms
125 silly audit report {}
126 http fetch GET 200 https://registry.npmjs.org/@typescript-eslint/utils/-/utils-8.13.0.tgz 490ms (cache miss)
127 http fetch GET 200 https://registry.npmjs.org/@typescript-eslint/typescript-estree/-/typescript-estree-8.13.0.tgz 534ms (cache miss)
128 http fetch GET 200 https://registry.npmjs.org/@typescript-eslint/type-utils/-/type-utils-8.13.0.tgz 618ms (cache miss)
129 http fetch GET 200 https://registry.npmjs.org/@typescript-eslint/eslint-plugin/-/eslint-plugin-8.13.0.tgz 1026ms (cache miss)
130 http fetch GET 200 https://registry.npmjs.org/@typescript-eslint/scope-manager/-/scope-manager-8.13.0.tgz 1143ms (cache miss)
131 silly ADD
132 silly ADD
133 silly ADD
134 silly ADD
135 silly ADD
136 silly ADD
137 silly ADD
138 silly ADD
139 silly ADD
140 silly CHANGE node_modules/@typescript-eslint/visitor-keys
141 silly CHANGE node_modules/@typescript-eslint/utils
142 silly CHANGE node_modules/@typescript-eslint/typescript-estree
143 silly CHANGE node_modules/@typescript-eslint/types
144 silly CHANGE node_modules/@typescript-eslint/type-utils
145 silly CHANGE node_modules/@typescript-eslint/scope-manager
146 silly CHANGE node_modules/@typescript-eslint/parser
147 silly CHANGE node_modules/@typescript-eslint/eslint-plugin
148 verbose cwd E:\Saad Rehman-GitHub\Cyberian-Electronics
149 verbose os Windows_NT 10.0.22631
150 verbose node v22.3.0
151 verbose npm  v10.8.1
152 verbose exit 0
153 info ok
